Log file open, 10/21/21 17:20:13
LogWindows: Failed to load 'aqProf.dll' (GetLastError=126)
LogWindows: File 'aqProf.dll' does not exist
LogWindows: Failed to load 'VtuneApi.dll' (GetLastError=126)
LogWindows: File 'VtuneApi.dll' does not exist
LogWindows: Failed to load 'VtuneApi32e.dll' (GetLastError=126)
LogWindows: File 'VtuneApi32e.dll' does not exist
LogConsoleResponse: Display: Failed to find resolution value strings in scalability ini. Falling back to default.
LogConsoleResponse: Display: Failed to find resolution value strings in scalability ini. Falling back to default.
LogInit: Display: Running engine for game: GodlikeWarriors
LogPlatformFile: Not using cached read wrapper
LogTaskGraph: Started task graph with 5 named threads and 14 total threads with 3 sets of task threads.
LogStats: Stats thread started at 0.316535
LogICUInternationalization: ICU TimeZone Detection - Raw Offset: +2:00, Platform Override: ''
LogInit: Display: Loading text-based GConfig....
LogPluginManager: Mounting plugin MeshPainting
LogPluginManager: Mounting plugin XGEController
LogPluginManager: Mounting plugin Paper2D
LogPluginManager: Mounting plugin AISupport
LogPluginManager: Mounting plugin EnvironmentQueryEditor
LogPluginManager: Mounting plugin LightPropagationVolume
LogPluginManager: Mounting plugin LiveLink
LogPluginManager: Mounting plugin CameraShakePreviewer
LogPluginManager: Mounting plugin GameplayCameras
LogPluginManager: Mounting plugin AnimationSharing
LogPluginManager: Mounting plugin CLionSourceCodeAccess
LogPluginManager: Mounting plugin CodeLiteSourceCodeAccess
LogPluginManager: Mounting plugin GitSourceControl
LogPluginManager: Mounting plugin KDevelopSourceCodeAccess
LogPluginManager: Mounting plugin NullSourceCodeAccess
LogPluginManager: Mounting plugin PerforceSourceControl
LogPluginManager: Mounting plugin PixWinPlugin
LogPluginManager: Mounting plugin PlasticSourceControl
LogPluginManager: Mounting plugin PluginUtils
LogPluginManager: Mounting plugin PropertyAccessNode
LogPluginManager: Mounting plugin RiderSourceCodeAccess
LogPluginManager: Mounting plugin SubversionSourceControl
LogPluginManager: Mounting plugin TextureFormatOodle
LogPluginManager: Mounting plugin UObjectPlugin
LogPluginManager: Mounting plugin VisualStudioCodeSourceCodeAccess
LogPluginManager: Mounting plugin VisualStudioSourceCodeAccess
LogPluginManager: Mounting plugin XCodeSourceCodeAccess
LogPluginManager: Mounting plugin OodleData
LogPluginManager: Mounting plugin OodleNetwork
LogPluginManager: Mounting plugin DatasmithContent
LogPluginManager: Mounting plugin AssetManagerEditor
LogPluginManager: Mounting plugin VariantManagerContent
LogPluginManager: Mounting plugin CryptoKeys
LogPluginManager: Mounting plugin CurveEditorTools
LogPluginManager: Mounting plugin DataValidation
LogPluginManager: Mounting plugin FacialAnimation
LogPluginManager: Mounting plugin GameplayTagsEditor
LogPluginManager: Mounting plugin GeometryMode
LogPluginManager: Mounting plugin MacGraphicsSwitching
LogPluginManager: Mounting plugin MaterialAnalyzer
LogPluginManager: Mounting plugin MobileLauncherProfileWizard
LogPluginManager: Mounting plugin PluginBrowser
LogPluginManager: Mounting plugin SpeedTreeImporter
LogPluginManager: Mounting plugin Niagara
LogPluginManager: Mounting plugin AlembicImporter
LogPluginManager: Mounting plugin AutomationUtils
LogPluginManager: Mounting plugin BackChannel
LogPluginManager: Mounting plugin ChaosCloth
LogPluginManager: Mounting plugin ChaosClothEditor
LogPluginManager: Mounting plugin ChaosEditor
LogPluginManager: Mounting plugin ChaosNiagara
LogPluginManager: Mounting plugin ChaosSolverPlugin
LogPluginManager: Mounting plugin CharacterAI
LogPluginManager: Mounting plugin GeometryCache
LogPluginManager: Mounting plugin GeometryCollectionPlugin
LogPluginManager: Mounting plugin LuminPlatformFeatures
LogPluginManager: Mounting plugin MagicLeap
LogPluginManager: Mounting plugin MagicLeapLightEstimation
LogPluginManager: Mounting plugin MagicLeapMedia
LogPluginManager: Mounting plugin MagicLeapPassableWorld
LogPluginManager: Mounting plugin MLSDK
LogPluginManager: Mounting plugin GeometryProcessing
LogPluginManager: Mounting plugin MotoSynth
LogPluginManager: Mounting plugin OpenImageDenoise
LogPluginManager: Mounting plugin PlanarCut
LogPluginManager: Mounting plugin PlatformCrypto
LogPluginManager: Mounting plugin ProxyLODPlugin
LogPluginManager: Mounting plugin PythonScriptPlugin
LogPluginManager: Mounting plugin AndroidMedia
LogPluginManager: Mounting plugin AvfMedia
LogPluginManager: Mounting plugin SkeletalReduction
LogPluginManager: Mounting plugin ImgMedia
LogPluginManager: Mounting plugin MediaCompositing
LogPluginManager: Mounting plugin MediaPlayerEditor
LogPluginManager: Mounting plugin WebMMedia
LogPluginManager: Mounting plugin WmfMedia
LogPluginManager: Mounting plugin TcpMessaging
LogPluginManager: Mounting plugin ActorSequence
LogPluginManager: Mounting plugin UdpMessaging
LogPluginManager: Mounting plugin LevelSequenceEditor
LogPluginManager: Mounting plugin MatineeToLevelSequence
LogPluginManager: Mounting plugin TemplateSequence
LogPluginManager: Mounting plugin OnlineSubsystem
LogPluginManager: Mounting plugin OnlineSubsystemNull
LogPluginManager: Mounting plugin OnlineSubsystemUtils
LogPluginManager: Mounting plugin LauncherChunkInstaller
LogPluginManager: Mounting plugin ActorLayerUtilities
LogPluginManager: Mounting plugin AndroidDeviceProfileSelector
LogPluginManager: Mounting plugin AndroidMoviePlayer
LogPluginManager: Mounting plugin AndroidPermission
LogPluginManager: Mounting plugin AppleImageUtils
LogPluginManager: Mounting plugin AppleMoviePlayer
LogPluginManager: Mounting plugin ArchVisCharacter
LogPluginManager: Mounting plugin AssetTags
LogPluginManager: Mounting plugin AudioCapture
LogPluginManager: Mounting plugin AudioSynesthesia
LogPluginManager: Mounting plugin CableComponent
LogPluginManager: Mounting plugin ChunkDownloader
LogPluginManager: Mounting plugin CustomMeshComponent
LogPluginManager: Mounting plugin EditableMesh
LogPluginManager: Mounting plugin ExampleDeviceProfileSelector
LogPluginManager: Mounting plugin GoogleCloudMessaging
LogPluginManager: Mounting plugin GooglePAD
LogPluginManager: Mounting plugin ScreenshotTools
LogPluginManager: Mounting plugin IOSDeviceProfileSelector
LogPluginManager: Mounting plugin LinuxDeviceProfileSelector
LogPluginManager: Mounting plugin LocationServicesBPLibrary
LogPluginManager: Mounting plugin MobilePatchingUtils
LogPluginManager: Mounting plugin OpenXR
LogPluginManager: Mounting plugin OpenXREyeTracker
LogPluginManager: Mounting plugin OpenXRHandTracking
LogPluginManager: Mounting plugin PhysXVehicles
LogPluginManager: Mounting plugin PostSplashScreen
LogPluginManager: Mounting plugin ProceduralMeshComponent
LogPluginManager: Mounting plugin PropertyAccessEditor
LogPluginManager: Mounting plugin Takes
LogPluginManager: Mounting plugin RuntimePhysXCooking
LogPluginManager: Mounting plugin SignificanceManager
LogPluginManager: Mounting plugin SoundFields
LogPluginManager: Mounting plugin Synthesis
LogPluginManager: Mounting plugin WebMMoviePlayer
LogPluginManager: Mounting plugin WindowsMoviePlayer
LogPluginManager: Mounting plugin ContentBrowserAssetDataSource
LogPluginManager: Mounting plugin ContentBrowserClassDataSource
LogPluginManager: Mounting plugin ContentBrowserFileDataSource
LogPluginManager: Mounting plugin OnlineSubsystemGooglePlay
LogPluginManager: Mounting plugin OnlineSubsystemIOS
LogPluginManager: Mounting plugin OculusVR
LogPluginManager: Mounting plugin SteamVR
PixWinPlugin: PIX capture plugin failed to initialize! Check that the process is launched from PIX.
LogInit: Using libcurl 7.55.1-DEV
LogInit:  - built for x86_64-pc-win32
LogInit:  - supports SSL with OpenSSL/1.1.1
LogInit:  - supports HTTP deflate (compression) using libz 1.2.8
LogInit:  - other features:
LogInit:      CURL_VERSION_SSL
LogInit:      CURL_VERSION_LIBZ
LogInit:      CURL_VERSION_IPV6
LogInit:      CURL_VERSION_ASYNCHDNS
LogInit:      CURL_VERSION_LARGEFILE
LogInit:      CURL_VERSION_IDN
LogInit:  CurlRequestOptions (configurable via config and command line):
LogInit:  - bVerifyPeer = true  - Libcurl will verify peer certificate
LogInit:  - bUseHttpProxy = false  - Libcurl will NOT use HTTP proxy
LogInit:  - bDontReuseConnections = false  - Libcurl will reuse connections
LogInit:  - MaxHostConnections = 16  - Libcurl will limit the number of connections to a host
LogInit:  - LocalHostAddr = Default
LogInit:  - BufferSize = 65536
LogOnline: OSS: Creating online subsystem instance for: NULL
LogInit: WinSock: version 1.1 (2.2), MaxSocks=32767, MaxUdp=65467
LogOnline: OSS: TryLoadSubsystemAndSetDefault: Loaded subsystem for module [NULL]
LogOculusPluginWrapper: OculusPlugin initialized successfully
LogHMD: Failed initializing OVRPlugin 1.59.0
LogInit: Build: ++UE4+Release-4.27-CL-17155196
LogInit: Engine Version: 4.27.0-17155196+++UE4+Release-4.27
LogInit: Compatible Engine Version: 4.27.0-17155196+++UE4+Release-4.27
LogInit: Net CL: 17155196
LogInit: OS: Windows 10 (Release 2009) (), CPU: Intel(R) Core(TM) i3-9100F CPU @ 3.60GHz, GPU: NVIDIA GeForce GTX 1650
LogInit: Compiled (64-bit): Aug 13 2021 06:13:13
LogInit: Compiled with Visual C++: 19.24.28315.00
LogInit: Build Configuration: Development
LogInit: Branch Name: ++UE4+Release-4.27
LogInit: Command Line: 
LogInit: Base Directory: D:/Unreal engine 4/UE_4.25/UE_4.27/Engine/Binaries/Win64/
LogInit: Allocator: TBB
LogInit: Installed Engine Build: 1
LogDevObjectVersion: Number of dev versions registered: 29
LogDevObjectVersion:   Dev-Blueprints (B0D832E4-1F89-4F0D-ACCF-7EB736FD4AA2): 10
LogDevObjectVersion:   Dev-Build (E1C64328-A22C-4D53-A36C-8E866417BD8C): 0
LogDevObjectVersion:   Dev-Core (375EC13C-06E4-48FB-B500-84F0262A717E): 4
LogDevObjectVersion:   Dev-Editor (E4B068ED-F494-42E9-A231-DA0B2E46BB41): 40
LogDevObjectVersion:   Dev-Framework (CFFC743F-43B0-4480-9391-14DF171D2073): 37
LogDevObjectVersion:   Dev-Mobile (B02B49B5-BB20-44E9-A304-32B752E40360): 3
LogDevObjectVersion:   Dev-Networking (A4E4105C-59A1-49B5-A7C5-40C4547EDFEE): 0
LogDevObjectVersion:   Dev-Online (39C831C9-5AE6-47DC-9A44-9C173E1C8E7C): 0
LogDevObjectVersion:   Dev-Physics (78F01B33-EBEA-4F98-B9B4-84EACCB95AA2): 14
LogDevObjectVersion:   Dev-Platform (6631380F-2D4D-43E0-8009-CF276956A95A): 0
LogDevObjectVersion:   Dev-Rendering (12F88B9F-8875-4AFC-A67C-D90C383ABD29): 45
LogDevObjectVersion:   Dev-Sequencer (7B5AE74C-D270-4C10-A958-57980B212A5A): 13
LogDevObjectVersion:   Dev-VR (D7296918-1DD6-4BDD-9DE2-64A83CC13884): 3
LogDevObjectVersion:   Dev-LoadTimes (C2A15278-BFE7-4AFE-6C17-90FF531DF755): 1
LogDevObjectVersion:   Private-Geometry (6EACA3D4-40EC-4CC1-B786-8BED09428FC5): 3
LogDevObjectVersion:   Dev-AnimPhys (29E575DD-E0A3-4627-9D10-D276232CDCEA): 17
LogDevObjectVersion:   Dev-Anim (AF43A65D-7FD3-4947-9873-3E8ED9C1BB05): 15
LogDevObjectVersion:   Dev-ReflectionCapture (6B266CEC-1EC7-4B8F-A30B-E4D90942FC07): 1
LogDevObjectVersion:   Dev-Automation (0DF73D61-A23F-47EA-B727-89E90C41499A): 1
LogDevObjectVersion:   FortniteMain (601D1886-AC64-4F84-AA16-D3DE0DEAC7D6): 47
LogDevObjectVersion:   FortniteRelease (E7086368-6B23-4C58-8439-1B7016265E91): 1
LogDevObjectVersion:   Dev-Enterprise (9DFFBCD6-494F-0158-E221-12823C92A888): 10
LogDevObjectVersion:   Dev-Niagara (F2AED0AC-9AFE-416F-8664-AA7FFA26D6FC): 1
LogDevObjectVersion:   Dev-Destruction (174F1F0B-B4C6-45A5-B13F-2EE8D0FB917D): 10
LogDevObjectVersion:   Dev-Physics-Ext (35F94A83-E258-406C-A318-09F59610247C): 41
LogDevObjectVersion:   Dev-PhysicsMaterial-Chaos (B68FC16E-8B1B-42E2-B453-215C058844FE): 1
LogDevObjectVersion:   Dev-CineCamera (B2E18506-4273-CFC2-A54E-F4BB758BBA07): 1
LogDevObjectVersion:   Dev-VirtualProduction (64F58936-FD1B-42BA-BA96-7289D5D0FA4E): 1
LogDevObjectVersion:   Dev-MediaFramework (6F0ED827-A609-4895-9C91-998D90180EA4): 2
LogInit: Presizing for max 25165824 objects, including 0 objects not considered by GC, pre-allocating 0 bytes for permanent pool.
LogConfig: Applying CVar settings from Section [/Script/Engine.StreamingSettings] File [E:/unreal projects/GodlikeWarriors/Saved/Config/Windows/Engine.ini]
LogConfig: Setting CVar [[s.MinBulkDataSizeForAsyncLoading:131072]]
LogConfig: Setting CVar [[s.AsyncLoadingThreadEnabled:0]]
LogConfig: Setting CVar [[s.EventDrivenLoaderEnabled:1]]
LogConfig: Setting CVar [[s.WarnIfTimeLimitExceeded:0]]
LogConfig: Setting CVar [[s.TimeLimitExceededMultiplier:1.5]]
LogConfig: Setting CVar [[s.TimeLimitExceededMinTime:0.005]]
LogConfig: Setting CVar [[s.UseBackgroundLevelStreaming:1]]
LogConfig: Setting CVar [[s.PriorityAsyncLoadingExtraTime:15.0]]
LogConfig: Setting CVar [[s.LevelStreamingActorsUpdateTimeLimit:5.0]]
LogConfig: Setting CVar [[s.PriorityLevelStreamingActorsUpdateExtraTime:5.0]]
LogConfig: Setting CVar [[s.LevelStreamingComponentsRegistrationGranularity:10]]
LogConfig: Setting CVar [[s.UnregisterComponentsTimeLimit:1.0]]
LogConfig: Setting CVar [[s.LevelStreamingComponentsUnregistrationGranularity:5]]
LogConfig: Setting CVar [[s.FlushStreamingOnExit:1]]
LogInit: Object subsystem initialized
LogConfig: Setting CVar [[con.DebugEarlyDefault:1]]
LogConfig: Setting CVar [[r.setres:1280x720]]
[2021.10.21-14.20.13:675][  0]LogConfig: Setting CVar [[r.VSync:0]]
[2021.10.21-14.20.13:675][  0]LogConfig: Setting CVar [[r.RHICmdBypass:0]]
[2021.10.21-14.20.13:675][  0]LogConfig: Applying CVar settings from Section [/Script/Engine.RendererSettings] File [E:/unreal projects/GodlikeWarriors/Saved/Config/Windows/Engine.ini]
[2021.10.21-14.20.13:675][  0]LogConfig: Setting CVar [[r.GPUCrashDebugging:0]]
[2021.10.21-14.20.13:675][  0]LogConfig: Applying CVar settings from Section [/Script/Engine.RendererOverrideSettings] File [E:/unreal projects/GodlikeWarriors/Saved/Config/Windows/Engine.ini]
[2021.10.21-14.20.13:675][  0]LogConfig: Applying CVar settings from Section [/Script/Engine.StreamingSettings] File [E:/unreal projects/GodlikeWarriors/Saved/Config/Windows/Engine.ini]
[2021.10.21-14.20.13:675][  0]LogConfig: Setting CVar [[s.MinBulkDataSizeForAsyncLoading:131072]]
[2021.10.21-14.20.13:675][  0]LogConfig: Setting CVar [[s.AsyncLoadingThreadEnabled:0]]
[2021.10.21-14.20.13:675][  0]LogConfig: Setting CVar [[s.EventDrivenLoaderEnabled:1]]
[2021.10.21-14.20.13:675][  0]LogConfig: Setting CVar [[s.WarnIfTimeLimitExceeded:0]]
[2021.10.21-14.20.13:675][  0]LogConfig: Setting CVar [[s.TimeLimitExceededMultiplier:1.5]]
[2021.10.21-14.20.13:675][  0]LogConfig: Setting CVar [[s.TimeLimitExceededMinTime:0.005]]
[2021.10.21-14.20.13:675][  0]LogConfig: Setting CVar [[s.UseBackgroundLevelStreaming:1]]
[2021.10.21-14.20.13:675][  0]LogConfig: Setting CVar [[s.PriorityAsyncLoadingExtraTime:15.0]]
[2021.10.21-14.20.13:675][  0]LogConfig: Setting CVar [[s.LevelStreamingActorsUpdateTimeLimit:5.0]]
[2021.10.21-14.20.13:675][  0]LogConfig: Setting CVar [[s.PriorityLevelStreamingActorsUpdateExtraTime:5.0]]
[2021.10.21-14.20.13:675][  0]LogConfig: Setting CVar [[s.LevelStreamingComponentsRegistrationGranularity:10]]
[2021.10.21-14.20.13:675][  0]LogConfig: Setting CVar [[s.UnregisterComponentsTimeLimit:1.0]]
[2021.10.21-14.20.13:675][  0]LogConfig: Setting CVar [[s.LevelStreamingComponentsUnregistrationGranularity:5]]
[2021.10.21-14.20.13:675][  0]LogConfig: Setting CVar [[s.FlushStreamingOnExit:1]]
[2021.10.21-14.20.13:675][  0]LogConfig: Applying CVar settings from Section [/Script/Engine.GarbageCollectionSettings] File [E:/unreal projects/GodlikeWarriors/Saved/Config/Windows/Engine.ini]
[2021.10.21-14.20.13:675][  0]LogConfig: Setting CVar [[gc.MaxObjectsNotConsideredByGC:1]]
[2021.10.21-14.20.13:675][  0]LogConfig: Setting CVar [[gc.SizeOfPermanentObjectPool:0]]
[2021.10.21-14.20.13:675][  0]LogConfig: Setting CVar [[gc.FlushStreamingOnGC:0]]
[2021.10.21-14.20.13:675][  0]LogConfig: Setting CVar [[gc.NumRetriesBeforeForcingGC:10]]
[2021.10.21-14.20.13:675][  0]LogConfig: Setting CVar [[gc.AllowParallelGC:1]]
[2021.10.21-14.20.13:675][  0]LogConfig: Setting CVar [[gc.TimeBetweenPurgingPendingKillObjects:61.1]]
[2021.10.21-14.20.13:675][  0]LogConfig: Setting CVar [[gc.MaxObjectsInEditor:25165824]]
[2021.10.21-14.20.13:675][  0]LogConfig: Setting CVar [[gc.IncrementalBeginDestroyEnabled:1]]
[2021.10.21-14.20.13:675][  0]LogConfig: Setting CVar [[gc.CreateGCClusters:1]]
[2021.10.21-14.20.13:675][  0]LogConfig: Setting CVar [[gc.MinGCClusterSize:5]]
[2021.10.21-14.20.13:675][  0]LogConfig: Setting CVar [[gc.ActorClusteringEnabled:0]]
[2021.10.21-14.20.13:675][  0]LogConfig: Setting CVar [[gc.BlueprintClusteringEnabled:0]]
[2021.10.21-14.20.13:675][  0]LogConfig: Setting CVar [[gc.UseDisregardForGCOnDedicatedServers:0]]
[2021.10.21-14.20.13:675][  0]LogConfig: Setting CVar [[gc.MultithreadedDestructionEnabled:1]]
[2021.10.21-14.20.13:675][  0]LogConfig: Applying CVar settings from Section [/Script/Engine.NetworkSettings] File [E:/unreal projects/GodlikeWarriors/Saved/Config/Windows/Engine.ini]
[2021.10.21-14.20.13:675][  0]LogConfig: Applying CVar settings from Section [/Script/UnrealEd.CookerSettings] File [E:/unreal projects/GodlikeWarriors/Saved/Config/Windows/Engine.ini]
[2021.10.21-14.20.13:680][  0]LogConfig: Applying CVar settings from Section [ViewDistanceQuality@3] File [E:/unreal projects/GodlikeWarriors/Saved/Config/Windows/Scalability.ini]
[2021.10.21-14.20.13:680][  0]LogConfig: Setting CVar [[r.SkeletalMeshLODBias:0]]
[2021.10.21-14.20.13:680][  0]LogConfig: Setting CVar [[r.ViewDistanceScale:1.0]]
[2021.10.21-14.20.13:680][  0]LogConfig: Applying CVar settings from Section [AntiAliasingQuality@3] File [E:/unreal projects/GodlikeWarriors/Saved/Config/Windows/Scalability.ini]
[2021.10.21-14.20.13:680][  0]LogConfig: Setting CVar [[r.PostProcessAAQuality:4]]
[2021.10.21-14.20.13:680][  0]LogConfig: Applying CVar settings from Section [ShadowQuality@3] File [E:/unreal projects/GodlikeWarriors/Saved/Config/Windows/Scalability.ini]
[2021.10.21-14.20.13:680][  0]LogConfig: Setting CVar [[r.LightFunctionQuality:1]]
[2021.10.21-14.20.13:680][  0]LogConfig: Setting CVar [[r.ShadowQuality:5]]
[2021.10.21-14.20.13:680][  0]LogConfig: Setting CVar [[r.Shadow.CSM.MaxCascades:10]]
[2021.10.21-14.20.13:680][  0]LogConfig: Setting CVar [[r.Shadow.MaxResolution:2048]]
[2021.10.21-14.20.13:680][  0]LogConfig: Setting CVar [[r.Shadow.MaxCSMResolution:2048]]
[2021.10.21-14.20.13:680][  0]LogConfig: Setting CVar [[r.Shadow.RadiusThreshold:0.01]]
[2021.10.21-14.20.13:680][  0]LogConfig: Setting CVar [[r.Shadow.DistanceScale:1.0]]
[2021.10.21-14.20.13:680][  0]LogConfig: Setting CVar [[r.Shadow.CSM.TransitionScale:1.0]]
[2021.10.21-14.20.13:680][  0]LogConfig: Setting CVar [[r.Shadow.PreShadowResolutionFactor:1.0]]
[2021.10.21-14.20.13:680][  0]LogConfig: Setting CVar [[r.DistanceFieldShadowing:1]]
[2021.10.21-14.20.13:680][  0]LogConfig: Setting CVar [[r.DistanceFieldAO:1]]
[2021.10.21-14.20.13:680][  0]LogConfig: Setting CVar [[r.AOQuality:2]]
[2021.10.21-14.20.13:680][  0]LogConfig: Setting CVar [[r.VolumetricFog:1]]
[2021.10.21-14.20.13:680][  0]LogConfig: Setting CVar [[r.VolumetricFog.GridPixelSize:8]]
[2021.10.21-14.20.13:680][  0]LogConfig: Setting CVar [[r.VolumetricFog.GridSizeZ:128]]
[2021.10.21-14.20.13:680][  0]LogConfig: Setting CVar [[r.VolumetricFog.HistoryMissSupersampleCount:4]]
[2021.10.21-14.20.13:680][  0]LogConfig: Setting CVar [[r.LightMaxDrawDistanceScale:1]]
[2021.10.21-14.20.13:680][  0]LogConfig: Setting CVar [[r.CapsuleShadows:1]]
[2021.10.21-14.20.13:680][  0]LogConfig: Applying CVar settings from Section [PostProcessQuality@3] File [E:/unreal projects/GodlikeWarriors/Saved/Config/Windows/Scalability.ini]
[2021.10.21-14.20.13:680][  0]LogConfig: Setting CVar [[r.MotionBlurQuality:4]]
[2021.10.21-14.20.13:680][  0]LogConfig: Setting CVar [[r.AmbientOcclusionMipLevelFactor:0.4]]
[2021.10.21-14.20.13:680][  0]LogConfig: Setting CVar [[r.AmbientOcclusionMaxQuality:100]]
[2021.10.21-14.20.13:680][  0]LogConfig: Setting CVar [[r.AmbientOcclusionLevels:-1]]
[2021.10.21-14.20.13:680][  0]LogConfig: Setting CVar [[r.AmbientOcclusionRadiusScale:1.0]]
[2021.10.21-14.20.13:680][  0]LogConfig: Setting CVar [[r.DepthOfFieldQuality:2]]
[2021.10.21-14.20.13:680][  0]LogConfig: Setting CVar [[r.RenderTargetPoolMin:400]]
[2021.10.21-14.20.13:680][  0]LogConfig: Setting CVar [[r.LensFlareQuality:2]]
[2021.10.21-14.20.13:680][  0]LogConfig: Setting CVar [[r.SceneColorFringeQuality:1]]
[2021.10.21-14.20.13:680][  0]LogConfig: Setting CVar [[r.EyeAdaptationQuality:2]]
[2021.10.21-14.20.13:680][  0]LogConfig: Setting CVar [[r.BloomQuality:5]]
[2021.10.21-14.20.13:680][  0]LogConfig: Setting CVar [[r.FastBlurThreshold:100]]
[2021.10.21-14.20.13:680][  0]LogConfig: Setting CVar [[r.Upscale.Quality:3]]
[2021.10.21-14.20.13:680][  0]LogConfig: Setting CVar [[r.Tonemapper.GrainQuantization:1]]
[2021.10.21-14.20.13:680][  0]LogConfig: Setting CVar [[r.LightShaftQuality:1]]
[2021.10.21-14.20.13:680][  0]LogConfig: Setting CVar [[r.Filter.SizeScale:1]]
[2021.10.21-14.20.13:680][  0]LogConfig: Setting CVar [[r.Tonemapper.Quality:5]]
[2021.10.21-14.20.13:680][  0]LogConfig: Setting CVar [[r.DOF.Gather.AccumulatorQuality:1        ; higher gathering accumulator quality]]
[2021.10.21-14.20.13:680][  0]LogConfig: Setting CVar [[r.DOF.Gather.PostfilterMethod:1          ; Median3x3 postfilering method]]
[2021.10.21-14.20.13:680][  0]LogConfig: Setting CVar [[r.DOF.Gather.EnableBokehSettings:0       ; no bokeh simulation when gathering]]
[2021.10.21-14.20.13:680][  0]LogConfig: Setting CVar [[r.DOF.Gather.RingCount:4                 ; medium number of samples when gathering]]
[2021.10.21-14.20.13:680][  0]LogConfig: Setting CVar [[r.DOF.Scatter.ForegroundCompositing:1    ; additive foreground scattering]]
[2021.10.21-14.20.13:680][  0]LogConfig: Setting CVar [[r.DOF.Scatter.BackgroundCompositing:2    ; additive background scattering]]
[2021.10.21-14.20.13:680][  0]LogConfig: Setting CVar [[r.DOF.Scatter.EnableBokehSettings:1      ; bokeh simulation when scattering]]
[2021.10.21-14.20.13:680][  0]LogConfig: Setting CVar [[r.DOF.Scatter.MaxSpriteRatio:0.1         ; only a maximum of 10% of scattered bokeh]]
[2021.10.21-14.20.13:680][  0]LogConfig: Setting CVar [[r.DOF.Recombine.Quality:1                ; cheap slight out of focus]]
[2021.10.21-14.20.13:680][  0]LogConfig: Setting CVar [[r.DOF.Recombine.EnableBokehSettings:0    ; no bokeh simulation on slight out of focus]]
[2021.10.21-14.20.13:680][  0]LogConfig: Setting CVar [[r.DOF.TemporalAAQuality:1                ; more stable temporal accumulation]]
[2021.10.21-14.20.13:680][  0]LogConfig: Setting CVar [[r.DOF.Kernel.MaxForegroundRadius:0.025]]
[2021.10.21-14.20.13:680][  0]LogConfig: Setting CVar [[r.DOF.Kernel.MaxBackgroundRadius:0.025]]
[2021.10.21-14.20.13:680][  0]LogConfig: Applying CVar settings from Section [TextureQuality@3] File [E:/unreal projects/GodlikeWarriors/Saved/Config/Windows/Scalability.ini]
[2021.10.21-14.20.13:680][  0]LogConfig: Setting CVar [[r.Streaming.MipBias:0]]
[2021.10.21-14.20.13:680][  0]LogConfig: Setting CVar [[r.Streaming.AmortizeCPUToGPUCopy:0]]
[2021.10.21-14.20.13:680][  0]LogConfig: Setting CVar [[r.Streaming.MaxNumTexturesToStreamPerFrame:0]]
[2021.10.21-14.20.13:680][  0]LogConfig: Setting CVar [[r.Streaming.Boost:1]]
[2021.10.21-14.20.13:680][  0]LogConfig: Setting CVar [[r.MaxAnisotropy:8]]
[2021.10.21-14.20.13:680][  0]LogConfig: Setting CVar [[r.VT.MaxAnisotropy:8]]
[2021.10.21-14.20.13:680][  0]LogConfig: Setting CVar [[r.Streaming.LimitPoolSizeToVRAM:0]]
[2021.10.21-14.20.13:680][  0]LogConfig: Setting CVar [[r.Streaming.PoolSize:1000]]
[2021.10.21-14.20.13:680][  0]LogConfig: Setting CVar [[r.Streaming.MaxEffectiveScreenSize:0]]
[2021.10.21-14.20.13:680][  0]LogConfig: Applying CVar settings from Section [EffectsQuality@3] File [E:/unreal projects/GodlikeWarriors/Saved/Config/Windows/Scalability.ini]
[2021.10.21-14.20.13:680][  0]LogConfig: Setting CVar [[r.TranslucencyLightingVolumeDim:64]]
[2021.10.21-14.20.13:680][  0]LogConfig: Setting CVar [[r.RefractionQuality:2]]
[2021.10.21-14.20.13:680][  0]LogConfig: Setting CVar [[r.SSR.Quality:3]]
[2021.10.21-14.20.13:680][  0]LogConfig: Setting CVar [[r.SSR.HalfResSceneColor:0]]
[2021.10.21-14.20.13:680][  0]LogConfig: Setting CVar [[r.SceneColorFormat:4]]
[2021.10.21-14.20.13:681][  0]LogConfig: Setting CVar [[r.DetailMode:2]]
[2021.10.21-14.20.13:681][  0]LogConfig: Setting CVar [[r.TranslucencyVolumeBlur:1]]
[2021.10.21-14.20.13:681][  0]LogConfig: Setting CVar [[r.MaterialQualityLevel:1 ; High quality]]
[2021.10.21-14.20.13:681][  0]LogConfig: Setting CVar [[r.AnisotropicMaterials:1]]
[2021.10.21-14.20.13:681][  0]LogConfig: Setting CVar [[r.SSS.Scale:1]]
[2021.10.21-14.20.13:681][  0]LogConfig: Setting CVar [[r.SSS.SampleSet:2]]
[2021.10.21-14.20.13:681][  0]LogConfig: Setting CVar [[r.SSS.Quality:1]]
[2021.10.21-14.20.13:681][  0]LogConfig: Setting CVar [[r.SSS.HalfRes:0]]
[2021.10.21-14.20.13:681][  0]LogConfig: Setting CVar [[r.SSGI.Quality:3]]
[2021.10.21-14.20.13:681][  0]LogConfig: Setting CVar [[r.EmitterSpawnRateScale:1.0]]
[2021.10.21-14.20.13:681][  0]LogConfig: Setting CVar [[r.ParticleLightQuality:2]]
[2021.10.21-14.20.13:681][  0]LogConfig: Setting CVar [[r.SkyAtmosphere.AerialPerspectiveLUT.FastApplyOnOpaque:1 ; Always have FastSkyLUT 1 in this case to avoid wrong sky]]
[2021.10.21-14.20.13:681][  0]LogConfig: Setting CVar [[r.SkyAtmosphere.AerialPerspectiveLUT.SampleCountMaxPerSlice:4]]
[2021.10.21-14.20.13:681][  0]LogConfig: Setting CVar [[r.SkyAtmosphere.AerialPerspectiveLUT.DepthResolution:16.0]]
[2021.10.21-14.20.13:681][  0]LogConfig: Setting CVar [[r.SkyAtmosphere.FastSkyLUT:1]]
[2021.10.21-14.20.13:681][  0]LogConfig: Setting CVar [[r.SkyAtmosphere.FastSkyLUT.SampleCountMin:4.0]]
[2021.10.21-14.20.13:681][  0]LogConfig: Setting CVar [[r.SkyAtmosphere.FastSkyLUT.SampleCountMax:128.0]]
[2021.10.21-14.20.13:681][  0]LogConfig: Setting CVar [[r.SkyAtmosphere.SampleCountMin:4.0]]
[2021.10.21-14.20.13:681][  0]LogConfig: Setting CVar [[r.SkyAtmosphere.SampleCountMax:128.0]]
[2021.10.21-14.20.13:681][  0]LogConfig: Setting CVar [[r.SkyAtmosphere.TransmittanceLUT.UseSmallFormat:0]]
[2021.10.21-14.20.13:681][  0]LogConfig: Setting CVar [[r.SkyAtmosphere.TransmittanceLUT.SampleCount:10.0]]
[2021.10.21-14.20.13:681][  0]LogConfig: Setting CVar [[r.SkyAtmosphere.MultiScatteringLUT.SampleCount:15.0]]
[2021.10.21-14.20.13:681][  0]LogConfig: Setting CVar [[r.SkyLight.RealTimeReflectionCapture:1]]
[2021.10.21-14.20.13:681][  0]LogConfig: Applying CVar settings from Section [FoliageQuality@3] File [E:/unreal projects/GodlikeWarriors/Saved/Config/Windows/Scalability.ini]
[2021.10.21-14.20.13:681][  0]LogConfig: Setting CVar [[foliage.DensityScale:1.0]]
[2021.10.21-14.20.13:681][  0]LogConfig: Setting CVar [[grass.DensityScale:1.0]]
[2021.10.21-14.20.13:681][  0]LogConfig: Applying CVar settings from Section [ShadingQuality@3] File [E:/unreal projects/GodlikeWarriors/Saved/Config/Windows/Scalability.ini]
[2021.10.21-14.20.13:681][  0]LogConfig: Setting CVar [[r.HairStrands.SkyLighting.IntegrationType:2]]
[2021.10.21-14.20.13:681][  0]LogConfig: Setting CVar [[r.HairStrands.SkyAO.SampleCount:4]]
[2021.10.21-14.20.13:681][  0]LogConfig: Setting CVar [[r.HairStrands.Visibility.MSAA.SamplePerPixel:4]]
[2021.10.21-14.20.13:681][  0]LogInit: Selected Device Profile: [Windows]
[2021.10.21-14.20.13:681][  0]LogInit: Applying CVar settings loaded from the selected device profile: [Windows]
[2021.10.21-14.20.13:681][  0]LogHAL: Display: Platform has ~ 16 GB [17121271808 / 17179869184 / 16], which maps to Larger [LargestMinGB=32, LargerMinGB=12, DefaultMinGB=8, SmallerMinGB=6, SmallestMinGB=0)
[2021.10.21-14.20.13:681][  0]LogInit: Going up to parent DeviceProfile []
[2021.10.21-14.20.13:681][  0]LogConfig: Applying CVar settings from Section [ViewDistanceQuality@3] File [E:/unreal projects/GodlikeWarriors/Saved/Config/Windows/Scalability.ini]
[2021.10.21-14.20.13:681][  0]LogConfig: Setting CVar [[r.SkeletalMeshLODBias:0]]
[2021.10.21-14.20.13:681][  0]LogConfig: Setting CVar [[r.ViewDistanceScale:1.0]]
[2021.10.21-14.20.13:681][  0]LogConfig: Applying CVar settings from Section [AntiAliasingQuality@3] File [E:/unreal projects/GodlikeWarriors/Saved/Config/Windows/Scalability.ini]
[2021.10.21-14.20.13:681][  0]LogConfig: Setting CVar [[r.PostProcessAAQuality:4]]
[2021.10.21-14.20.13:681][  0]LogConfig: Applying CVar settings from Section [ShadowQuality@3] File [E:/unreal projects/GodlikeWarriors/Saved/Config/Windows/Scalability.ini]
[2021.10.21-14.20.13:681][  0]LogConfig: Setting CVar [[r.LightFunctionQuality:1]]
[2021.10.21-14.20.13:681][  0]LogConfig: Setting CVar [[r.ShadowQuality:5]]
[2021.10.21-14.20.13:681][  0]LogConfig: Setting CVar [[r.Shadow.CSM.MaxCascades:10]]
[2021.10.21-14.20.13:681][  0]LogConfig: Setting CVar [[r.Shadow.MaxResolution:2048]]
[2021.10.21-14.20.13:681][  0]LogConfig: Setting CVar [[r.Shadow.MaxCSMResolution:2048]]
[2021.10.21-14.20.13:681][  0]LogConfig: Setting CVar [[r.Shadow.RadiusThreshold:0.01]]
[2021.10.21-14.20.13:681][  0]LogConfig: Setting CVar [[r.Shadow.DistanceScale:1.0]]
[2021.10.21-14.20.13:681][  0]LogConfig: Setting CVar [[r.Shadow.CSM.TransitionScale:1.0]]
[2021.10.21-14.20.13:681][  0]LogConfig: Setting CVar [[r.Shadow.PreShadowResolutionFactor:1.0]]
[2021.10.21-14.20.13:681][  0]LogConfig: Setting CVar [[r.DistanceFieldShadowing:1]]
[2021.10.21-14.20.13:681][  0]LogConfig: Setting CVar [[r.DistanceFieldAO:1]]
[2021.10.21-14.20.13:681][  0]LogConfig: Setting CVar [[r.AOQuality:2]]
[2021.10.21-14.20.13:681][  0]LogConfig: Setting CVar [[r.VolumetricFog:1]]
[2021.10.21-14.20.13:681][  0]LogConfig: Setting CVar [[r.VolumetricFog.GridPixelSize:8]]
[2021.10.21-14.20.13:681][  0]LogConfig: Setting CVar [[r.VolumetricFog.GridSizeZ:128]]
[2021.10.21-14.20.13:681][  0]LogConfig: Setting CVar [[r.VolumetricFog.HistoryMissSupersampleCount:4]]
[2021.10.21-14.20.13:681][  0]LogConfig: Setting CVar [[r.LightMaxDrawDistanceScale:1]]
[2021.10.21-14.20.13:681][  0]LogConfig: Setting CVar [[r.CapsuleShadows:1]]
[2021.10.21-14.20.13:681][  0]LogConfig: Applying CVar settings from Section [PostProcessQuality@3] File [E:/unreal projects/GodlikeWarriors/Saved/Config/Windows/Scalability.ini]
[2021.10.21-14.20.13:681][  0]LogConfig: Setting CVar [[r.MotionBlurQuality:4]]
[2021.10.21-14.20.13:681][  0]LogConfig: Setting CVar [[r.AmbientOcclusionMipLevelFactor:0.4]]
[2021.10.21-14.20.13:681][  0]LogConfig: Setting CVar [[r.AmbientOcclusionMaxQuality:100]]
[2021.10.21-14.20.13:681][  0]LogConfig: Setting CVar [[r.AmbientOcclusionLevels:-1]]
[2021.10.21-14.20.13:681][  0]LogConfig: Setting CVar [[r.AmbientOcclusionRadiusScale:1.0]]
[2021.10.21-14.20.13:681][  0]LogConfig: Setting CVar [[r.DepthOfFieldQuality:2]]
[2021.10.21-14.20.13:681][  0]LogConfig: Setting CVar [[r.RenderTargetPoolMin:400]]
[2021.10.21-14.20.13:681][  0]LogConfig: Setting CVar [[r.LensFlareQuality:2]]
[2021.10.21-14.20.13:681][  0]LogConfig: Setting CVar [[r.SceneColorFringeQuality:1]]
[2021.10.21-14.20.13:681][  0]LogConfig: Setting CVar [[r.EyeAdaptationQuality:2]]
[2021.10.21-14.20.13:681][  0]LogConfig: Setting CVar [[r.BloomQuality:5]]
[2021.10.21-14.20.13:681][  0]LogConfig: Setting CVar [[r.FastBlurThreshold:100]]
[2021.10.21-14.20.13:681][  0]LogConfig: Setting CVar [[r.Upscale.Quality:3]]
[2021.10.21-14.20.13:681][  0]LogConfig: Setting CVar [[r.Tonemapper.GrainQuantization:1]]
[2021.10.21-14.20.13:681][  0]LogConfig: Setting CVar [[r.LightShaftQuality:1]]
[2021.10.21-14.20.13:681][  0]LogConfig: Setting CVar [[r.Filter.SizeScale:1]]
[2021.10.21-14.20.13:681][  0]LogConfig: Setting CVar [[r.Tonemapper.Quality:5]]
[2021.10.21-14.20.13:681][  0]LogConfig: Setting CVar [[r.DOF.Gather.AccumulatorQuality:1        ; higher gathering accumulator quality]]
[2021.10.21-14.20.13:681][  0]LogConfig: Setting CVar [[r.DOF.Gather.PostfilterMethod:1          ; Median3x3 postfilering method]]
[2021.10.21-14.20.13:681][  0]LogConfig: Setting CVar [[r.DOF.Gather.EnableBokehSettings:0       ; no bokeh simulation when gathering]]
[2021.10.21-14.20.13:681][  0]LogConfig: Setting CVar [[r.DOF.Gather.RingCount:4                 ; medium number of samples when gathering]]
[2021.10.21-14.20.13:681][  0]LogConfig: Setting CVar [[r.DOF.Scatter.ForegroundCompositing:1    ; additive foreground scattering]]
[2021.10.21-14.20.13:681][  0]LogConfig: Setting CVar [[r.DOF.Scatter.BackgroundCompositing:2    ; additive background scattering]]
[2021.10.21-14.20.13:682][  0]LogConfig: Setting CVar [[r.DOF.Scatter.EnableBokehSettings:1      ; bokeh simulation when scattering]]
[2021.10.21-14.20.13:682][  0]LogConfig: Setting CVar [[r.DOF.Scatter.MaxSpriteRatio:0.1         ; only a maximum of 10% of scattered bokeh]]
[2021.10.21-14.20.13:682][  0]LogConfig: Setting CVar [[r.DOF.Recombine.Quality:1                ; cheap slight out of focus]]
[2021.10.21-14.20.13:682][  0]LogConfig: Setting CVar [[r.DOF.Recombine.EnableBokehSettings:0    ; no bokeh simulation on slight out of focus]]
[2021.10.21-14.20.13:682][  0]LogConfig: Setting CVar [[r.DOF.TemporalAAQuality:1                ; more stable temporal accumulation]]
[2021.10.21-14.20.13:682][  0]LogConfig: Setting CVar [[r.DOF.Kernel.MaxForegroundRadius:0.025]]
[2021.10.21-14.20.13:682][  0]LogConfig: Setting CVar [[r.DOF.Kernel.MaxBackgroundRadius:0.025]]
[2021.10.21-14.20.13:682][  0]LogConfig: Applying CVar settings from Section [TextureQuality@3] File [E:/unreal projects/GodlikeWarriors/Saved/Config/Windows/Scalability.ini]
[2021.10.21-14.20.13:682][  0]LogConfig: Setting CVar [[r.Streaming.MipBias:0]]
[2021.10.21-14.20.13:682][  0]LogConfig: Setting CVar [[r.Streaming.AmortizeCPUToGPUCopy:0]]
[2021.10.21-14.20.13:682][  0]LogConfig: Setting CVar [[r.Streaming.MaxNumTexturesToStreamPerFrame:0]]
[2021.10.21-14.20.13:682][  0]LogConfig: Setting CVar [[r.Streaming.Boost:1]]
[2021.10.21-14.20.13:682][  0]LogConfig: Setting CVar [[r.MaxAnisotropy:8]]
[2021.10.21-14.20.13:682][  0]LogConfig: Setting CVar [[r.VT.MaxAnisotropy:8]]
[2021.10.21-14.20.13:682][  0]LogConfig: Setting CVar [[r.Streaming.LimitPoolSizeToVRAM:0]]
[2021.10.21-14.20.13:682][  0]LogConfig: Setting CVar [[r.Streaming.PoolSize:1000]]
[2021.10.21-14.20.13:682][  0]LogConfig: Setting CVar [[r.Streaming.MaxEffectiveScreenSize:0]]
[2021.10.21-14.20.13:682][  0]LogConfig: Applying CVar settings from Section [EffectsQuality@3] File [E:/unreal projects/GodlikeWarriors/Saved/Config/Windows/Scalability.ini]
[2021.10.21-14.20.13:682][  0]LogConfig: Setting CVar [[r.TranslucencyLightingVolumeDim:64]]
[2021.10.21-14.20.13:682][  0]LogConfig: Setting CVar [[r.RefractionQuality:2]]
[2021.10.21-14.20.13:682][  0]LogConfig: Setting CVar [[r.SSR.Quality:3]]
[2021.10.21-14.20.13:682][  0]LogConfig: Setting CVar [[r.SSR.HalfResSceneColor:0]]
[2021.10.21-14.20.13:682][  0]LogConfig: Setting CVar [[r.SceneColorFormat:4]]
[2021.10.21-14.20.13:682][  0]LogConfig: Setting CVar [[r.DetailMode:2]]
[2021.10.21-14.20.13:682][  0]LogConfig: Setting CVar [[r.TranslucencyVolumeBlur:1]]
[2021.10.21-14.20.13:682][  0]LogConfig: Setting CVar [[r.MaterialQualityLevel:1 ; High quality]]
[2021.10.21-14.20.13:682][  0]LogConfig: Setting CVar [[r.AnisotropicMaterials:1]]
[2021.10.21-14.20.13:682][  0]LogConfig: Setting CVar [[r.SSS.Scale:1]]
[2021.10.21-14.20.13:682][  0]LogConfig: Setting CVar [[r.SSS.SampleSet:2]]
[2021.10.21-14.20.13:682][  0]LogConfig: Setting CVar [[r.SSS.Quality:1]]
[2021.10.21-14.20.13:682][  0]LogConfig: Setting CVar [[r.SSS.HalfRes:0]]
[2021.10.21-14.20.13:682][  0]LogConfig: Setting CVar [[r.SSGI.Quality:3]]
[2021.10.21-14.20.13:682][  0]LogConfig: Setting CVar [[r.EmitterSpawnRateScale:1.0]]
[2021.10.21-14.20.13:682][  0]LogConfig: Setting CVar [[r.ParticleLightQuality:2]]
[2021.10.21-14.20.13:682][  0]LogConfig: Setting CVar [[r.SkyAtmosphere.AerialPerspectiveLUT.FastApplyOnOpaque:1 ; Always have FastSkyLUT 1 in this case to avoid wrong sky]]
[2021.10.21-14.20.13:682][  0]LogConfig: Setting CVar [[r.SkyAtmosphere.AerialPerspectiveLUT.SampleCountMaxPerSlice:4]]
[2021.10.21-14.20.13:682][  0]LogConfig: Setting CVar [[r.SkyAtmosphere.AerialPerspectiveLUT.DepthResolution:16.0]]
[2021.10.21-14.20.13:682][  0]LogConfig: Setting CVar [[r.SkyAtmosphere.FastSkyLUT:1]]
[2021.10.21-14.20.13:682][  0]LogConfig: Setting CVar [[r.SkyAtmosphere.FastSkyLUT.SampleCountMin:4.0]]
[2021.10.21-14.20.13:682][  0]LogConfig: Setting CVar [[r.SkyAtmosphere.FastSkyLUT.SampleCountMax:128.0]]
[2021.10.21-14.20.13:682][  0]LogConfig: Setting CVar [[r.SkyAtmosphere.SampleCountMin:4.0]]
[2021.10.21-14.20.13:682][  0]LogConfig: Setting CVar [[r.SkyAtmosphere.SampleCountMax:128.0]]
[2021.10.21-14.20.13:682][  0]LogConfig: Setting CVar [[r.SkyAtmosphere.TransmittanceLUT.UseSmallFormat:0]]
[2021.10.21-14.20.13:682][  0]LogConfig: Setting CVar [[r.SkyAtmosphere.TransmittanceLUT.SampleCount:10.0]]
[2021.10.21-14.20.13:682][  0]LogConfig: Setting CVar [[r.SkyAtmosphere.MultiScatteringLUT.SampleCount:15.0]]
[2021.10.21-14.20.13:682][  0]LogConfig: Setting CVar [[r.SkyLight.RealTimeReflectionCapture:1]]
[2021.10.21-14.20.13:682][  0]LogConfig: Applying CVar settings from Section [FoliageQuality@3] File [E:/unreal projects/GodlikeWarriors/Saved/Config/Windows/Scalability.ini]
[2021.10.21-14.20.13:682][  0]LogConfig: Setting CVar [[foliage.DensityScale:1.0]]
[2021.10.21-14.20.13:682][  0]LogConfig: Setting CVar [[grass.DensityScale:1.0]]
[2021.10.21-14.20.13:682][  0]LogConfig: Applying CVar settings from Section [ShadingQuality@3] File [E:/unreal projects/GodlikeWarriors/Saved/Config/Windows/Scalability.ini]
[2021.10.21-14.20.13:682][  0]LogConfig: Setting CVar [[r.HairStrands.SkyLighting.IntegrationType:2]]
[2021.10.21-14.20.13:682][  0]LogConfig: Setting CVar [[r.HairStrands.SkyAO.SampleCount:4]]
[2021.10.21-14.20.13:682][  0]LogConfig: Setting CVar [[r.HairStrands.Visibility.MSAA.SamplePerPixel:4]]
[2021.10.21-14.20.13:682][  0]LogConfig: Applying CVar settings from Section [Startup] File [../../../Engine/Config/ConsoleVariables.ini]
[2021.10.21-14.20.13:682][  0]LogConfig: Setting CVar [[net.UseAdaptiveNetUpdateFrequency:0]]
[2021.10.21-14.20.13:682][  0]LogConfig: Setting CVar [[p.chaos.AllowCreatePhysxBodies:1]]
[2021.10.21-14.20.13:682][  0]LogConfig: Setting CVar [[fx.SkipVectorVMBackendOptimizations:1]]
[2021.10.21-14.20.13:682][  0]LogConfig: Applying CVar settings from Section [ConsoleVariables] File [E:/unreal projects/GodlikeWarriors/Saved/Config/Windows/Engine.ini]
[2021.10.21-14.20.13:682][  0]LogConfig: Applying CVar settings from Section [ConsoleVariables] File [E:/unreal projects/GodlikeWarriors/Saved/Config/Windows/Editor.ini]
[2021.10.21-14.20.13:682][  0]LogInit: Computer: DESKTOP-3ERSH66
[2021.10.21-14.20.13:682][  0]LogInit: User: panin
[2021.10.21-14.20.13:682][  0]LogInit: CPU Page size=4096, Cores=4
[2021.10.21-14.20.13:682][  0]LogInit: High frequency timer resolution =10.000000 MHz
[2021.10.21-14.20.13:682][  0]LogMemory: Memory total: Physical=15.9GB (16GB approx)
[2021.10.21-14.20.13:682][  0]LogMemory: Platform Memory Stats for Windows
[2021.10.21-14.20.13:682][  0]LogMemory: Process Physical Memory: 146.84 MB used, 146.84 MB peak
[2021.10.21-14.20.13:682][  0]LogMemory: Process Virtual Memory: 127.58 MB used, 127.58 MB peak
[2021.10.21-14.20.13:682][  0]LogMemory: Physical Memory: 8500.46 MB used,  7827.66 MB free, 16328.12 MB total
[2021.10.21-14.20.13:683][  0]LogMemory: Virtual Memory: 134212904.00 MB used,  4825.46 MB free, 134217728.00 MB total
[2021.10.21-14.20.13:688][  0]LogWindows: WindowsPlatformFeatures enabled
[2021.10.21-14.20.13:708][  0]LogInit: Physics initialised using underlying interface: PhysX
[2021.10.21-14.20.13:709][  0]LogInit: Using OS detected language (ru-RU).
[2021.10.21-14.20.13:709][  0]LogInit: Using OS detected locale (ru-UA).
[2021.10.21-14.20.13:710][  0]LogTextLocalizationManager: No specific localization for 'ru-RU' exists, so the 'ru' localization will be used.
[2021.10.21-14.20.13:710][  0]LogTextLocalizationResource: LocRes '../../../Engine/Content/Localization/Editor/ru/Editor.locres' could not be opened for reading!
[2021.10.21-14.20.13:710][  0]LogTextLocalizationResource: LocRes '../../../Engine/Content/Localization/EditorTutorials/ru/EditorTutorials.locres' could not be opened for reading!
[2021.10.21-14.20.13:710][  0]LogTextLocalizationResource: LocRes '../../../Engine/Content/Localization/Keywords/ru/Keywords.locres' could not be opened for reading!
[2021.10.21-14.20.13:710][  0]LogTextLocalizationResource: LocRes '../../../Engine/Content/Localization/Category/ru/Category.locres' could not be opened for reading!
[2021.10.21-14.20.13:710][  0]LogTextLocalizationResource: LocRes '../../../Engine/Content/Localization/ToolTips/ru/ToolTips.locres' could not be opened for reading!
[2021.10.21-14.20.13:710][  0]LogTextLocalizationResource: LocRes '../../../Engine/Content/Localization/PropertyNames/ru/PropertyNames.locres' could not be opened for reading!
[2021.10.21-14.20.13:710][  0]LogTextLocalizationResource: LocRes '../../../Engine/Content/Localization/Engine/ru/Engine.locres' could not be opened for reading!
[2021.10.21-14.20.13:711][  0]LogInit: Setting process to per monitor DPI aware
[2021.10.21-14.20.13:720][  0]LogWindowsTextInputMethodSystem: Display: IME system deactivated.
[2021.10.21-14.20.13:731][  0]LogSlate: New Slate User Created.  User Index 0, Is Virtual User: 0
[2021.10.21-14.20.13:731][  0]LogSlate: Slate User Registered.  User Index 0, Is Virtual User: 0
[2021.10.21-14.20.13:820][  0]LogD3D11RHI: Loaded GFSDK_Aftermath_Lib.x64.dll
[2021.10.21-14.20.13:823][  0]LogHMD: Failed to initialize OpenVR with code 110
[2021.10.21-14.20.13:823][  0]LogD3D11RHI: D3D11 min allowed feature level: 11_0
[2021.10.21-14.20.13:823][  0]LogD3D11RHI: D3D11 max allowed feature level: 11_0
[2021.10.21-14.20.13:823][  0]LogD3D11RHI: D3D11 adapters:
[2021.10.21-14.20.13:909][  0]LogD3D11RHI:    0. 'NVIDIA GeForce GTX 1650' (Feature Level 11_0)
[2021.10.21-14.20.13:909][  0]LogD3D11RHI:       3962/0/8164 MB DedicatedVideo/DedicatedSystem/SharedSystem, Outputs:1, VendorId:0x10de
[2021.10.21-14.20.13:911][  0]LogD3D11RHI:    1. 'Microsoft Basic Render Driver' (Feature Level 11_0)
[2021.10.21-14.20.13:911][  0]LogD3D11RHI:       0/0/8164 MB DedicatedVideo/DedicatedSystem/SharedSystem, Outputs:0, VendorId:0x1414
[2021.10.21-14.20.13:911][  0]LogD3D11RHI: Chosen D3D11 Adapter: 0
[2021.10.21-14.20.13:916][  0]LogD3D11RHI: Creating new Direct3DDevice
[2021.10.21-14.20.13:916][  0]LogD3D11RHI:     GPU DeviceId: 0x1f82 (for the marketing name, search the web for "GPU Device Id")
[2021.10.21-14.20.13:916][  0]LogWindows: EnumDisplayDevices:
[2021.10.21-14.20.13:916][  0]LogWindows:    0. 'NVIDIA GeForce GTX 1650' (P:1 D:1)
[2021.10.21-14.20.13:916][  0]LogWindows:    1. 'NVIDIA GeForce GTX 1650' (P:0 D:0)
[2021.10.21-14.20.13:916][  0]LogWindows:    2. 'NVIDIA GeForce GTX 1650' (P:0 D:0)
[2021.10.21-14.20.13:916][  0]LogWindows:    3. 'NVIDIA GeForce GTX 1650' (P:0 D:0)
[2021.10.21-14.20.13:917][  0]LogWindows: DebugString: FoundDriverCount:4 
[2021.10.21-14.20.13:917][  0]LogD3D11RHI:     Adapter Name: NVIDIA GeForce GTX 1650
[2021.10.21-14.20.13:917][  0]LogD3D11RHI:   Driver Version: 471.68 (internal:30.0.14.7168, unified:471.68)
[2021.10.21-14.20.13:917][  0]LogD3D11RHI:      Driver Date: 8-5-2021
[2021.10.21-14.20.13:917][  0]LogRHI: Texture pool is 2773 MB (70% of 3962 MB)
[2021.10.21-14.20.13:978][  0]LogD3D11RHI: RHI has support for 64 bit atomics
[2021.10.21-14.20.13:978][  0]LogD3D11RHI: Async texture creation enabled
[2021.10.21-14.20.13:978][  0]LogD3D11RHI: Array index from any shader is supported
[2021.10.21-14.20.13:993][  0]LogD3D11RHI: GPU Timing Frequency: 1000.000000 (Debug: 2 1)
[2021.10.21-14.20.14:030][  0]LogRHI: GeForceNow SDK initialized: 1
[2021.10.21-14.20.14:307][  0]LogTargetPlatformManager: Display: Loaded TargetPlatform 'AllDesktop'
[2021.10.21-14.20.14:326][  0]LogTargetPlatformManager: Display: Loaded TargetPlatform 'Android'
[2021.10.21-14.20.14:326][  0]LogTargetPlatformManager: Display: Loaded TargetPlatform 'Android_ASTC'
[2021.10.21-14.20.14:326][  0]LogTargetPlatformManager: Display: Loaded TargetPlatform 'Android_DXT'
[2021.10.21-14.20.14:326][  0]LogTargetPlatformManager: Display: Loaded TargetPlatform 'Android_ETC2'
[2021.10.21-14.20.14:326][  0]LogTargetPlatformManager: Display: Loaded TargetPlatform 'AndroidClient'
[2021.10.21-14.20.14:326][  0]LogTargetPlatformManager: Display: Loaded TargetPlatform 'Android_ASTCClient'
[2021.10.21-14.20.14:326][  0]LogTargetPlatformManager: Display: Loaded TargetPlatform 'Android_DXTClient'
[2021.10.21-14.20.14:326][  0]LogTargetPlatformManager: Display: Loaded TargetPlatform 'Android_ETC2Client'
[2021.10.21-14.20.14:326][  0]LogTargetPlatformManager: Display: Loaded TargetPlatform 'Android_Multi'
[2021.10.21-14.20.14:326][  0]LogTargetPlatformManager: Display: Loaded TargetPlatform 'Android_MultiClient'
[2021.10.21-14.20.14:342][  0]LogTargetPlatformManager: Display: Loaded TargetPlatform 'IOSClient'
[2021.10.21-14.20.14:342][  0]LogTargetPlatformManager: Display: Loaded TargetPlatform 'IOS'
[2021.10.21-14.20.14:351][  0]LogTargetPlatformManager: Display: Loaded TargetPlatform 'Linux'
[2021.10.21-14.20.14:355][  0]LogTargetPlatformManager: Display: Loaded TargetPlatform 'LinuxNoEditor'
[2021.10.21-14.20.14:359][  0]LogTargetPlatformManager: Display: Loaded TargetPlatform 'LinuxClient'
[2021.10.21-14.20.14:364][  0]LogTargetPlatformManager: Display: Loaded TargetPlatform 'LinuxServer'
[2021.10.21-14.20.14:372][  0]LogTargetPlatformManager: Display: Loaded TargetPlatform 'LinuxAArch64NoEditor'
[2021.10.21-14.20.14:376][  0]LogTargetPlatformManager: Display: Loaded TargetPlatform 'LinuxAArch64Client'
[2021.10.21-14.20.14:380][  0]LogTargetPlatformManager: Display: Loaded TargetPlatform 'LinuxAArch64Server'
[2021.10.21-14.20.14:401][  0]LogTargetPlatformManager: Display: Loaded TargetPlatform 'Lumin'
[2021.10.21-14.20.14:401][  0]LogTargetPlatformManager: Display: Loaded TargetPlatform 'LuminClient'
[2021.10.21-14.20.14:408][  0]LogTargetPlatformManager: Display: Loaded TargetPlatform 'MacNoEditor'
[2021.10.21-14.20.14:413][  0]LogTargetPlatformManager: Display: Loaded TargetPlatform 'Mac'
[2021.10.21-14.20.14:417][  0]LogTargetPlatformManager: Display: Loaded TargetPlatform 'MacClient'
[2021.10.21-14.20.14:421][  0]LogTargetPlatformManager: Display: Loaded TargetPlatform 'MacServer'
[2021.10.21-14.20.14:431][  0]LogTargetPlatformManager: Display: Loaded TargetPlatform 'TVOSClient'
[2021.10.21-14.20.14:431][  0]LogTargetPlatformManager: Display: Loaded TargetPlatform 'TVOS'
[2021.10.21-14.20.14:439][  0]LogTargetPlatformManager: Display: Loaded TargetPlatform 'WindowsNoEditor'
[2021.10.21-14.20.14:444][  0]LogTargetPlatformManager: Display: Loaded TargetPlatform 'Windows'
[2021.10.21-14.20.14:449][  0]LogTargetPlatformManager: Display: Loaded TargetPlatform 'WindowsClient'
[2021.10.21-14.20.14:453][  0]LogTargetPlatformManager: Display: Loaded TargetPlatform 'WindowsServer'
[2021.10.21-14.20.14:453][  0]LogTargetPlatformManager: Display: Building Assets For Windows
[2021.10.21-14.20.14:460][  0]LogAudioDebug: Display: Lib vorbis DLL was dynamically loaded.
[2021.10.21-14.20.14:490][  0]LogTextureFormatOodle: Display: Oodle Texture 2.9.0 init RDO Off
[2021.10.21-14.20.14:522][  0]LogRendererCore: Ray tracing is disabled. Reason: r.RayTracing=0.
[2021.10.21-14.20.14:522][  0]LogShaderCompilers: Guid format shader working directory is 11 characters bigger than the processId version (E:/unreal projects/GodlikeWarriors/Intermediate/Shaders/WorkingDirectory/13892/).
[2021.10.21-14.20.14:522][  0]LogShaderCompilers: Cleaned the shader compiler working directory 'C:/Users/panin/AppData/Local/Temp/UnrealShaderWorkingDir/1330794340F07DE372B3B49B91838F53/'.
[2021.10.21-14.20.14:522][  0]LogXGEController: Cannot use XGE Controller as Incredibuild is not installed on this machine.
[2021.10.21-14.20.14:522][  0]LogShaderCompilers: Cannot use XGE Shader Compiler as Incredibuild is not installed on this machine.
[2021.10.21-14.20.14:522][  0]LogShaderCompilers: Display: Using Local Shader Compiler.
[2021.10.21-14.20.15:222][  0]LogDerivedDataCache: Display: Max Cache Size: 512 MB
[2021.10.21-14.20.15:279][  0]LogDerivedDataCache: Loaded boot cache 0.06s 95MB C:/Users/panin/AppData/Local/UnrealEngine/4.27/DerivedDataCache/Boot.ddc.
[2021.10.21-14.20.15:279][  0]LogDerivedDataCache: Display: Loaded Boot cache: C:/Users/panin/AppData/Local/UnrealEngine/4.27/DerivedDataCache/Boot.ddc
[2021.10.21-14.20.15:279][  0]LogDerivedDataCache: FDerivedDataBackendGraph:  Pak pak cache file E:/unreal projects/GodlikeWarriors/DerivedDataCache/DDC.ddp not found, will not use a pak cache.
[2021.10.21-14.20.15:279][  0]LogDerivedDataCache: Unable to find inner node Pak for hierarchical cache Hierarchy.
[2021.10.21-14.20.15:279][  0]LogDerivedDataCache: FDerivedDataBackendGraph:  CompressedPak pak cache file E:/unreal projects/GodlikeWarriors/DerivedDataCache/Compressed.ddp not found, will not use a pak cache.
[2021.10.21-14.20.15:279][  0]LogDerivedDataCache: Unable to find inner node CompressedPak for hierarchical cache Hierarchy.
[2021.10.21-14.20.15:294][  0]LogDerivedDataCache: Display: Pak cache opened for reading ../../../Engine/DerivedDataCache/Compressed.ddp.
[2021.10.21-14.20.15:294][  0]LogDerivedDataCache: FDerivedDataBackendGraph:  EnterprisePak pak cache file ../../../Enterprise/DerivedDataCache/Compressed.ddp not found, will not use a pak cache.
[2021.10.21-14.20.15:294][  0]LogDerivedDataCache: Unable to find inner node EnterprisePak for hierarchical cache Hierarchy.
[2021.10.21-14.20.15:300][  0]LogDerivedDataCache: Speed tests for C:/Users/panin/AppData/Local/UnrealEngine/Common/DerivedDataCache took 0.01 seconds
[2021.10.21-14.20.15:300][  0]LogDerivedDataCache: Display: Performance to C:/Users/panin/AppData/Local/UnrealEngine/Common/DerivedDataCache: Latency=0.02ms. RandomReadSpeed=602.17MBs, RandomWriteSpeed=234.60MBs. Assigned SpeedClass 'Local'
[2021.10.21-14.20.15:301][  0]LogDerivedDataCache: Using Local data cache path C:/Users/panin/AppData/Local/UnrealEngine/Common/DerivedDataCache: Writable
[2021.10.21-14.20.15:301][  0]LogDerivedDataCache: Shared data cache path not found in *engine.ini, will not use an Shared cache.
[2021.10.21-14.20.15:301][  0]LogDerivedDataCache: Unable to find inner node Shared for hierarchical cache Hierarchy.
[2021.10.21-14.20.15:345][  0]LogSlate: Using FreeType 2.10.0
[2021.10.21-14.20.15:346][  0]LogSlate: SlateFontServices - WITH_FREETYPE: 1, WITH_HARFBUZZ: 1
[2021.10.21-14.20.15:369][  0]LogAssetRegistry: FAssetRegistry took 0.0024 seconds to start up
[2021.10.21-14.20.15:581][  0]LogInit: Selected Device Profile: [Windows]
[2021.10.21-14.20.15:581][  0]LogInit: Active device profile: [000001C3A2C52F00][000001C3A0D0A1C0 49] Windows
[2021.10.21-14.20.15:581][  0]LogInit: Profiles: [000001C3A2C52F00][000001C3A0D0A1C0 49] Windows, [000001C3A2C01300][000001C3A0D12340 49] WindowsNoEditor, [000001C3A2C51300][000001C3A0D164C0 49] WindowsServer, [000001C3A2C02800][000001C3A0D0E600 49] WindowsClient, [000001C3A2C52700][000001C3A0D1A740 49] IOS, [000001C3A2C01B00][000001C3A0D1E880 49] iPadAir, [000001C3A2C51A00][000001C3A0D229C0 49] iPadAir2, [000001C3A2BBB800][000001C3A1904C80 49] IPadPro, [000001C3A2BBB900][000001C3A0D2ACC0 49] iPadAir3, [000001C3A2C53200][000001C3A1908E40 49] iPadAir4, [000001C3A2BB9800][000001C3A190CFC0 49] iPadMini2, [000001C3A2C51000][000001C3A1911140 49] iPadMini3, [000001C3A2BBBC00][000001C3A19152C0 49] iPadMini4, [000001C3A2C52900][000001C3A1919440 49] iPadMini5, [000001C3A2BFB100][000001C3A1921700 49] iPhone6, [000001C3A2BFB200][000001C3A191D740 49] iPodTouch6, [000001C3A2BB8700][000001C3A1929A00 49] iPhone7, [000001C3A2BB8600][000001C3A1925A40 49] iPodTouch7, [000001C3A2BF9700][000001C3A192DBC0 49] iPhone5S, [000001C3A2BBB200][000001C3A19301C0 49] iPhone6Plus, [000001C3A2BFA300][000001C3A1934340 49] iPhone6S, [000001C3A2BB9400][000001C3A19384C0 49] iPhone6SPlus, [000001C3A2BF9400][000001C3A193C640 49] iPhone7Plus, [000001C3A2BB9600][000001C3A0D26780 49] iPhoneSE, [000001C3A2BFA500][000001C3A19408C0 49] iPhone8, [000001C3A2BBA000][000001C3A1944A00 49] iPhone8Plus, [000001C3A2BF9D00][000001C3A1948B40 49] iPhoneX, [000001C3A2BBAA00][000001C3A1950CC0 49] iPhoneXS, [000001C3A2BF9600][000001C3A1954E40 49] iPhoneXSMax, [000001C3A2BB8100][000001C3A1958FC0 49] iPhoneXR, [000001C3A2BFA600][000001C3A195D140 49] iPhone11, [000001C3A2BBB600][000001C3A12492C0 49] iPhone11Pro, [000001C3A2BF8D00][000001C3A124D440 49] iPhone11ProMax, [000001C3A2BBAF00][000001C3A12515C0 49] iPhoneSE2, [000001C3A2BF9B00][000001C3A1255740 49] iPhone12Mini, [000001C3A2BBBD00][000001C3A12598C0 49] iPhone12, [000001C3A2BFA900][000001C3A125DA40 49] iPhone12Pro, [000001C3A2BB8200][000001C3A1261BC0 49] iPhone12ProMax, [000001C3A2BFA000][000001C3A12641C0 49] iPadPro105, [000001C3A2BB9200][000001C3A1268340 49] iPadPro129, [000001C3A2BF8E00][000001C3A126C4C0 49] iPadPro97, [000001C3A2BBBB00][000001C3A1270640 49] iPadPro2_129, [000001C3A2BFBF00][000001C3A12747C0 49] iPad5, [000001C3A2BB8800][000001C3A1278940 49] iPad6, [000001C3A2BF8C00][000001C3A194CA80 49] iPad7, [000001C3A2BB8900][000001C3A127CBC0 49] iPad8, [000001C3A2BFAA00][000001C3A1280D00 49] iPadPro11, [000001C3A2BB8B00][000001C3A1288E80 49] iPadPro2_11, [000001C3A2BF9900][000001C3A128D000 49] iPadPro3_129, [000001C3A2BBB100][000001C3A1291180 49] iPadPro4_129, [000001C3A2BFA200][000001C3A1295300 49] AppleTV, [000001C3A2BBAB00][000001C3A1299480 49] AppleTV4K, [000001C3A2BF8400][000001C3A129D600 49] TVOS, [000001C3A2BB8300][000001C387F23780 49] Mac, [000001C3A2C03100][000001C387F27900 49] MacClient, [000001C3A2C91200][000001C387F2BA80 49] MacNoEditor, [000001C3A2C00F00][000001C387F2FC00 49] MacServer, [000001C3A2C90F00][000001C387F32200 49] Linux, [000001C3A2C02400][000001C387F36380 49] LinuxAArch64, [000001C3A2C90100][000001C387F3A500 49] LinuxNoEditor, [000001C3A2C02300][000001C387F3E680 49] LinuxAArch64NoEditor, [000001C3A2C91100][000001C387F42800 49] LinuxClient, [000001C3A2C02A00][000001C387F46980 49] LinuxAArch64Client, [000001C3A2C91000][000001C387F4AB00 49] LinuxServer, [000001C3A2C03700][000001C3A1284C40 49] LinuxAArch64Server, [000001C3A2C91800][000001C387F4ED80 49] Android, [000001C3A2C02500][000001C3A12A0EC0 49] Android_Low, [000001C3A2C91600][000001C3A12A9040 49] Android_Mid, [000001C3A2C00700][000001C3A12AD1C0 49] Android_High, [000001C3A2C91400][000001C3A12B1340 49] Android_Default, [000001C3A2C03500][000001C3A12B54C0 49] Android_Adreno4xx, [000001C3A2C91700][000001C3A12B9640 49] Android_Adreno5xx_Low, [000001C3A2C03E00][000001C3A12BD7C0 49] Android_Adreno5xx, [000001C3A2C90600][000001C3A12C1940 49] Android_Adreno6xx, [000001C3A2BBBA00][000001C3A12C5AC0 49] Android_Adreno6xx_Vulkan, [000001C3A2BF8500][000001C3A12C80C0 49] Android_Mali_T6xx, [000001C3A2BB9700][000001C3A12CC240 49] Android_Mali_T7xx, [000001C3A2BF8600][000001C3A12D03C0 49] Android_Mali_T8xx, [000001C3A2BB9F00][000001C3A12D4540 49] Android_Mali_G71, [000001C3A2BFB300][000001C3A12D86C0 49] Android_Mali_G72, [000001C3A2BB8C00][000001C3A12DC840 49] Android_Mali_G72_Vulkan, [000001C3A2BFBC00][000001C3A12E09C0 49] Android_Mali_G76, [000001C3A2BBBE00][000001C3A12E4B40 49] Android_Mali_G76_Vulkan, [000001C3A2BFA400][000001C3A12E8CC0 49] Android_Mali_G77, [000001C3A2BB9100][000001C3A12A4E00 49] Android_Mali_G77_Vulkan, [000001C3A2BFB900][000001C3A12ECF40 49] Android_Mali_G78, [000001C3A2BBA300][000001C3A12F1080 49] Android_Mali_G78_Vulkan, [000001C3A2BFB500][000001C3A12F51C0 49] Android_Mali_G710, [000001C3A2BBA400][000001C3A12FD340 49] Android_Mali_G710_Vulkan, [000001C3A2BF8700][000001C3A13014C0 49] Android_Vulkan_SM5, [000001C3A2BB9D00][000001C3A1305640 49] Android_PowerVR_G6xxx, [000001C3A2BFA100][000001C3A13097C0 49] Android_PowerVR_GT7xxx, [000001C3A2BBAD00][000001C3A130D940 49] Android_PowerVR_GE8xxx, [000001C3A2C90500][000001C3A1311AC0 49] Android_PowerVR_GM9xxx, [000001C3A2BB8500][000001C3A13140C0 49] Android_PowerVR_GM9xxx_Vulkan, [000001C3A2C91900][000001C3A1318240 49] Android_TegraK1, [000001C3A2BB9000][000001C3A131C3C0 49] Android_Unknown_Vulkan, [000001C3A2C90E00][000001C3A1320540 49] Lumin, [000001C3A2BBB000][000001C3A13246C0 49] Lumin_Desktop, [000001C3A2C90A00][000001C3A1328840 49] HoloLens, 
[2021.10.21-14.20.15:722][  0]LogMeshReduction: Using QuadricMeshReduction for automatic static mesh reduction
[2021.10.21-14.20.15:722][  0]LogMeshReduction: Using SimplygonMeshReduction for automatic skeletal mesh reduction
[2021.10.21-14.20.15:722][  0]LogMeshReduction: Using ProxyLODMeshReduction for automatic mesh merging
[2021.10.21-14.20.15:722][  0]LogMeshReduction: No distributed automatic mesh merging module available
[2021.10.21-14.20.15:722][  0]LogMeshMerging: No distributed automatic mesh merging module available
[2021.10.21-14.20.15:737][  0]LogNetVersion: GodlikeWarriors 1.0.0, NetCL: 17155196, EngineNetVer: 17, GameNetVer: 0 (Checksum: 459113320)
[2021.10.21-14.20.16:085][  0]LogTexture: Default maximum texture size for cubemaps generated from long-lat sources has been changed from 512 to unlimited. In order to preserve old behaiour for '/Engine/MapTemplates/Sky/DaylightAmbientCubemap.DaylightAmbientCubemap', its maximum texture size has been explicitly set to 512.
[2021.10.21-14.20.16:135][  0]LogHMD: PokeAHoleMaterial loaded successfully
[2021.10.21-14.20.16:140][  0]LogUObjectArray: 17178 objects as part of root set at end of initial load.
[2021.10.21-14.20.16:140][  0]LogUObjectAllocator: 4301856 out of 0 bytes used by permanent object pool.
[2021.10.21-14.20.16:140][  0]LogUObjectArray: CloseDisregardForGC: 0/0 objects in disregard for GC pool
[2021.10.21-14.20.16:402][  0]LogNiagaraDebuggerClient: Niagara Debugger Client Initialized | Session: 13706EA5447957BD4EDCB8944D11EC5C | Instance: B35D1DAA48E3CDD9D625EB8362E9DFF5 (DESKTOP-3ERSH66-13892).
[2021.10.21-14.20.16:421][  0]LogStreaming: Warning: Failed to read file '../../../Engine/Content/Editor/Slate/Niagara/MenuSeparator.png' error.
[2021.10.21-14.20.16:421][  0]LogSlate: Could not find file for Slate resource: ../../../Engine/Content/Editor/Slate/Niagara/MenuSeparator.png
[2021.10.21-14.20.16:421][  0]LogStreaming: Warning: Failed to read file '../../../Engine/Content/Editor/Slate/Niagara/Common/Selector.png' error.
[2021.10.21-14.20.16:421][  0]LogSlate: Could not find file for Slate resource: ../../../Engine/Content/Editor/Slate/Niagara/Common/Selector.png
[2021.10.21-14.20.16:421][  0]LogStreaming: Warning: Failed to read file '../../../Engine/Content/Editor/Slate/Niagara/Common/Selection.png' error.
[2021.10.21-14.20.16:421][  0]LogStreaming: Warning: Failed to read file '../../../Engine/Content/Editor/Slate/Niagara/Common/DropZoneIndicator_Above.png' error.
[2021.10.21-14.20.16:421][  0]LogSlate: Could not find file for Slate resource: ../../../Engine/Content/Editor/Slate/Niagara/Common/DropZoneIndicator_Above.png
[2021.10.21-14.20.16:421][  0]LogImageWrapper: Warning: PNG Warning: Duplicate iCCP chunk
[2021.10.21-14.20.16:421][  0]LogStreaming: Warning: Failed to read file '../../../Engine/Content/Editor/Slate/Niagara/Common/DropZoneIndicator_Onto.png' error.
[2021.10.21-14.20.16:421][  0]LogSlate: Could not find file for Slate resource: ../../../Engine/Content/Editor/Slate/Niagara/Common/DropZoneIndicator_Onto.png
[2021.10.21-14.20.16:421][  0]LogStreaming: Warning: Failed to read file '../../../Engine/Content/Editor/Slate/Niagara/Common/DropZoneIndicator_Below.png' error.
[2021.10.21-14.20.16:421][  0]LogSlate: Could not find file for Slate resource: ../../../Engine/Content/Editor/Slate/Niagara/Common/DropZoneIndicator_Below.png
[2021.10.21-14.20.16:421][  0]LogStreaming: Warning: Failed to read file '../../../Engine/Content/Editor/Slate/Niagara/Common/RoundedSelection_16x.png' error.
[2021.10.21-14.20.16:421][  0]LogSlate: Could not find file for Slate resource: ../../../Engine/Content/Editor/Slate/Niagara/Common/RoundedSelection_16x.png
[2021.10.21-14.20.16:421][  0]LogStreaming: Warning: Failed to read file '../../../Engine/Content/Editor/Slate/Niagara/Common/FlatButton.png' error.
[2021.10.21-14.20.16:421][  0]LogSlate: Could not find file for Slate resource: ../../../Engine/Content/Editor/Slate/Niagara/Common/FlatButton.png
[2021.10.21-14.20.16:421][  0]LogSlate: Could not find file for Slate resource: ../../../Engine/Content/Editor/Slate/Niagara/Common/Selection.png
[2021.10.21-14.20.16:520][  0]LogImageWrapper: Warning: PNG Warning: Duplicate iCCP chunk
[2021.10.21-14.20.16:520][  0]LogPython: Using Python 3.7.7
[2021.10.21-14.20.17:036][  0]LogTcpMessaging: Initializing TcpMessaging bridge
[2021.10.21-14.20.17:045][  0]LogUdpMessaging: Initializing bridge on interface 0.0.0.0:0 to multicast group 230.0.0.1:6666.
[2021.10.21-14.20.17:192][  0]SourceControl: Source control is disabled
[2021.10.21-14.20.17:192][  0]SourceControl: Source control is disabled
[2021.10.21-14.20.17:195][  0]SourceControl: Source control is disabled
[2021.10.21-14.20.17:198][  0]SourceControl: Source control is disabled
[2021.10.21-14.20.17:208][  0]SourceControl: Source control is disabled
[2021.10.21-14.20.17:214][  0]LogUProjectInfo: Found projects:
[2021.10.21-14.20.17:221][  0]LogVSAccessor: Display: Unable to create Visual Studio setup instance: 80040154
[2021.10.21-14.20.17:222][  0]LogVSAccessor: Display: Unable to create Visual Studio setup instance: 80040154
[2021.10.21-14.20.17:222][  0]LogVSAccessor: Display: Unable to create Visual Studio setup instance: 80040154
[2021.10.21-14.20.17:444][  0]LogOpenImageDenoise: OIDN starting up
[2021.10.21-14.20.17:475][  0]LogAndroidPermission: UAndroidPermissionCallbackProxy::GetInstance
[2021.10.21-14.20.17:501][  0]LogAudioCaptureCore: Display: No Audio Capture implementations found. Audio input will be silent.
[2021.10.21-14.20.17:501][  0]LogAudioCaptureCore: Display: No Audio Capture implementations found. Audio input will be silent.
[2021.10.21-14.20.17:618][  0]LogCollectionManager: Loaded 0 collections in 0.001402 seconds
[2021.10.21-14.20.17:651][  0]LogFileCache: Scanning file cache for directory 'E:/unreal projects/GodlikeWarriors/Saved/Collections/' took 0.00s
[2021.10.21-14.20.17:651][  0]LogFileCache: Scanning file cache for directory 'E:/unreal projects/GodlikeWarriors/Content/Developers/panin/Collections/' took 0.00s
[2021.10.21-14.20.17:651][  0]LogFileCache: Scanning file cache for directory 'E:/unreal projects/GodlikeWarriors/Content/Collections/' took 0.00s
[2021.10.21-14.20.17:651][  0]LogOcInput: OculusInput pre-init called
[2021.10.21-14.20.17:866][  0]LogStreaming: Warning: Failed to read file '../../../Engine/Content/Editor/Slate/Niagara/MenuSeparator.png' error.
[2021.10.21-14.20.17:866][  0]LogSlate: Could not find file for Slate resource: ../../../Engine/Content/Editor/Slate/Niagara/MenuSeparator.png
[2021.10.21-14.20.17:866][  0]LogStreaming: Warning: Failed to read file '../../../Engine/Content/Editor/Slate/Niagara/Common/Selector.png' error.
[2021.10.21-14.20.17:866][  0]LogSlate: Could not find file for Slate resource: ../../../Engine/Content/Editor/Slate/Niagara/Common/Selector.png
[2021.10.21-14.20.17:866][  0]LogStreaming: Warning: Failed to read file '../../../Engine/Content/Editor/Slate/Niagara/Common/Selection.png' error.
[2021.10.21-14.20.17:866][  0]LogSlate: Could not find file for Slate resource: ../../../Engine/Content/Editor/Slate/Niagara/Common/Selection.png
[2021.10.21-14.20.17:866][  0]LogStreaming: Warning: Failed to read file '../../../Engine/Content/Editor/Slate/Niagara/Common/DropZoneIndicator_Above.png' error.
[2021.10.21-14.20.17:866][  0]LogSlate: Could not find file for Slate resource: ../../../Engine/Content/Editor/Slate/Niagara/Common/DropZoneIndicator_Above.png
[2021.10.21-14.20.17:866][  0]LogStreaming: Warning: Failed to read file '../../../Engine/Content/Editor/Slate/Niagara/Common/DropZoneIndicator_Onto.png' error.
[2021.10.21-14.20.17:866][  0]LogSlate: Could not find file for Slate resource: ../../../Engine/Content/Editor/Slate/Niagara/Common/DropZoneIndicator_Onto.png
[2021.10.21-14.20.17:866][  0]LogStreaming: Warning: Failed to read file '../../../Engine/Content/Editor/Slate/Niagara/Common/DropZoneIndicator_Below.png' error.
[2021.10.21-14.20.17:866][  0]LogSlate: Could not find file for Slate resource: ../../../Engine/Content/Editor/Slate/Niagara/Common/DropZoneIndicator_Below.png
[2021.10.21-14.20.17:866][  0]LogImageWrapper: Warning: PNG Warning: Duplicate iCCP chunk
[2021.10.21-14.20.17:866][  0]LogStreaming: Warning: Failed to read file '../../../Engine/Content/Editor/Slate/Niagara/Common/RoundedSelection_16x.png' error.
[2021.10.21-14.20.17:866][  0]LogStreaming: Warning: Failed to read file '../../../Engine/Content/Editor/Slate/Niagara/Common/FlatButton.png' error.
[2021.10.21-14.20.17:866][  0]LogSlate: Could not find file for Slate resource: ../../../Engine/Content/Editor/Slate/Niagara/Common/RoundedSelection_16x.png
[2021.10.21-14.20.17:866][  0]LogSlate: Could not find file for Slate resource: ../../../Engine/Content/Editor/Slate/Niagara/Common/FlatButton.png
[2021.10.21-14.20.17:866][  0]LogImageWrapper: Warning: PNG Warning: Duplicate iCCP chunk
[2021.10.21-14.20.17:866][  0]LogEngine: Initializing Engine...
[2021.10.21-14.20.17:868][  0]LogHMD: Failed to enumerate extensions. Please check that you have a valid OpenXR runtime installed.
[2021.10.21-14.20.17:868][  0]LogHMD: Failed to initialize OpenVR with code 110
[2021.10.21-14.20.17:868][  0]LogMagicLeap: Warning: VR disabled because ZI is not enabled.  To enable, in the editor, Edit -> Project Settings -> Plugins -> Magic Leap Plugin -> Enable Zero Iteration
[2021.10.21-14.20.17:869][  0]LogStats: UGameplayTagsManager::InitializeManager -  0.000 s
[2021.10.21-14.20.17:973][  0]LogInit: Initializing FReadOnlyCVARCache
[2021.10.21-14.20.17:981][  0]LogAIModule: Creating AISystem for world Untitled
[2021.10.21-14.20.17:993][  0]LogAudio: Display: Initializing Audio Device Manager...
[2021.10.21-14.20.17:996][  0]LogAudio: Display: Loading Default Audio Settings Objects...
[2021.10.21-14.20.17:996][  0]LogAudio: Display: No default SoundConcurrencyObject specified (or failed to load).
[2021.10.21-14.20.17:997][  0]LogAudio: Display: Audio Device Manager Initialized
[2021.10.21-14.20.17:997][  0]LogAudio: Display: Creating Audio Device:                 Id: 1, Scope: Shared, Realtime: True
[2021.10.21-14.20.17:997][  0]LogAudioMixer: Display: Audio Mixer Platform Settings:
[2021.10.21-14.20.17:997][  0]LogAudioMixer: Display: 	Sample Rate:						  48000
[2021.10.21-14.20.17:997][  0]LogAudioMixer: Display: 	Callback Buffer Frame Size Requested: 1024
[2021.10.21-14.20.17:997][  0]LogAudioMixer: Display: 	Callback Buffer Frame Size To Use:	  1024
[2021.10.21-14.20.17:997][  0]LogAudioMixer: Display: 	Number of buffers to queue:			  2
[2021.10.21-14.20.17:997][  0]LogAudioMixer: Display: 	Max Channels (voices):				  32
[2021.10.21-14.20.17:997][  0]LogAudioMixer: Display: 	Number of Async Source Workers:		  0
[2021.10.21-14.20.17:997][  0]LogAudio: Display: AudioDevice MaxSources: 32
[2021.10.21-14.20.17:997][  0]LogAudio: Display: Audio Spatialization Plugin: None (built-in).
[2021.10.21-14.20.17:997][  0]LogAudio: Display: Audio Reverb Plugin: None (built-in).
[2021.10.21-14.20.17:997][  0]LogAudio: Display: Audio Occlusion Plugin: None (built-in).
[2021.10.21-14.20.17:997][  0]LogAudioMixer: Display: Initializing audio mixer.
[2021.10.21-14.20.18:006][  0]LogAudioMixer: Display: 0: FrontLeft
[2021.10.21-14.20.18:006][  0]LogAudioMixer: Display: 1: FrontRight
[2021.10.21-14.20.18:025][  0]LogAudioMixer: Display: Using Audio Device Динамики (Realtek(R) Audio)
[2021.10.21-14.20.18:027][  0]LogAudioMixer: Display: Initializing Sound Submixes...
[2021.10.21-14.20.18:029][  0]LogAudioMixer: Display: Creating Master Submix 'MasterSubmixDefault'
[2021.10.21-14.20.18:029][  0]LogAudioMixer: Display: Creating Master Submix 'MasterReverbSubmixDefault'
[2021.10.21-14.20.18:030][  0]LogAudioMixer: Display: Creating Master Submix 'MasterEQSubmixDefault'
[2021.10.21-14.20.18:030][  0]LogAudioMixer: FMixerPlatformXAudio2::StartAudioStream() called
[2021.10.21-14.20.18:030][  0]LogAudioMixer: Display: Output buffers initialized: Frames=1024, Channels=2, Samples=2048
[2021.10.21-14.20.18:031][  0]LogAudioMixer: Display: Starting AudioMixerPlatformInterface::RunInternal()
[2021.10.21-14.20.18:031][  0]LogAudioMixer: Display: FMixerPlatformXAudio2::SubmitBuffer() called for the first time
[2021.10.21-14.20.18:031][  0]LogInit: FAudioDevice initialized.
[2021.10.21-14.20.18:032][  0]LogAudio: Display: Audio Device (ID: 1) registered with world 'Untitled'.
[2021.10.21-14.20.18:032][  0]LogNetVersion: Set ProjectVersion to 1.0.0.0. Version Checksum will be recalculated on next use.
[2021.10.21-14.20.18:262][  0]LogDerivedDataCache: Saved boot cache 0.23s 95MB C:/Users/panin/AppData/Local/UnrealEngine/4.27/DerivedDataCache/Boot.ddc.
[2021.10.21-14.20.18:263][  0]LogInit: Texture streaming: Enabled
[2021.10.21-14.20.18:281][  0]LogAnalytics: Display: [UEEditor.Rocket.Release] APIServer = https://datarouter.ol.epicgames.com/. AppVersion = 4.27.0-17155196+++UE4+Release-4.27
[2021.10.21-14.20.18:286][  0]LogEngineSessionManager: EngineSessionManager initialized
[2021.10.21-14.20.18:286][  0]LogEditorSessionSummary: Verbose: Initializing EditorSessionSummaryWriter for editor session tracking
[2021.10.21-14.20.18:288][  0]LogEditorSessionSummary: EditorSessionSummaryWriter initialized
[2021.10.21-14.20.18:309][  0]LogInit: Transaction tracking system initialized
[2021.10.21-14.20.18:331][  0]BlueprintLog: New page: Editor Load
[2021.10.21-14.20.18:388][  0]LocalizationService: Localization service is disabled
[2021.10.21-14.20.18:410][  0]TimingProfiler: Initialize
[2021.10.21-14.20.18:410][  0]TimingProfiler: OnSessionChanged
[2021.10.21-14.20.18:410][  0]LoadingProfiler: Initialize
[2021.10.21-14.20.18:410][  0]LoadingProfiler: OnSessionChanged
[2021.10.21-14.20.18:410][  0]NetworkingProfiler: Initialize
[2021.10.21-14.20.18:410][  0]NetworkingProfiler: OnSessionChanged
[2021.10.21-14.20.18:410][  0]MemoryProfiler: Initialize
[2021.10.21-14.20.18:410][  0]MemoryProfiler: OnSessionChanged
[2021.10.21-14.20.18:462][  0]LogVSAccessor: Display: Unable to create Visual Studio setup instance: 80040154
[2021.10.21-14.20.18:462][  0]LogVSAccessor: Display: Unable to create Visual Studio setup instance: 80040154
[2021.10.21-14.20.18:463][  0]LogVSAccessor: Display: Unable to create Visual Studio setup instance: 80040154
[2021.10.21-14.20.18:526][  0]LogCook: Display: CookSettings for Memory: MemoryMaxUsedVirtual 0MiB, MemoryMaxUsedPhysical 16384MiB, MemoryMinFreeVirtual 0MiB, MemoryMinFreePhysical 1024MiB
[2021.10.21-14.20.18:526][  0]LogCook: Display: Mobile HDR setting 1
[2021.10.21-14.20.18:704][  0]LogFileCache: Scanning file cache for directory 'E:/unreal projects/GodlikeWarriors/Content/' took 0.00s
[2021.10.21-14.20.18:820][  0]LogStreaming: Warning: Failed to read file '../../../Engine/Content/Editor/Slate/Niagara/MenuSeparator.png' error.
[2021.10.21-14.20.18:820][  0]LogSlate: Could not find file for Slate resource: ../../../Engine/Content/Editor/Slate/Niagara/MenuSeparator.png
[2021.10.21-14.20.18:820][  0]LogStreaming: Warning: Failed to read file '../../../Engine/Content/Editor/Slate/Niagara/Common/Selector.png' error.
[2021.10.21-14.20.18:820][  0]LogStreaming: Warning: Failed to read file '../../../Engine/Content/Editor/Slate/Niagara/Common/Selection.png' error.
[2021.10.21-14.20.18:820][  0]LogSlate: Could not find file for Slate resource: ../../../Engine/Content/Editor/Slate/Niagara/Common/Selection.png
[2021.10.21-14.20.18:820][  0]LogStreaming: Warning: Failed to read file '../../../Engine/Content/Editor/Slate/Niagara/Common/DropZoneIndicator_Above.png' error.
[2021.10.21-14.20.18:820][  0]LogSlate: Could not find file for Slate resource: ../../../Engine/Content/Editor/Slate/Niagara/Common/DropZoneIndicator_Above.png
[2021.10.21-14.20.18:820][  0]LogSlate: Could not find file for Slate resource: ../../../Engine/Content/Editor/Slate/Niagara/Common/Selector.png
[2021.10.21-14.20.18:874][  0]LogStreaming: Warning: Failed to read file '../../../Engine/Content/Editor/Slate/Niagara/Common/DropZoneIndicator_Onto.png' error.
[2021.10.21-14.20.18:874][  0]LogSlate: Could not find file for Slate resource: ../../../Engine/Content/Editor/Slate/Niagara/Common/DropZoneIndicator_Onto.png
[2021.10.21-14.20.18:874][  0]LogStreaming: Warning: Failed to read file '../../../Engine/Content/Editor/Slate/Niagara/Common/DropZoneIndicator_Below.png' error.
[2021.10.21-14.20.18:874][  0]LogSlate: Could not find file for Slate resource: ../../../Engine/Content/Editor/Slate/Niagara/Common/DropZoneIndicator_Below.png
[2021.10.21-14.20.18:874][  0]LogStreaming: Warning: Failed to read file '../../../Engine/Content/Editor/Slate/Niagara/Common/RoundedSelection_16x.png' error.
[2021.10.21-14.20.18:874][  0]LogSlate: Could not find file for Slate resource: ../../../Engine/Content/Editor/Slate/Niagara/Common/RoundedSelection_16x.png
[2021.10.21-14.20.18:875][  0]LogImageWrapper: Warning: PNG Warning: Duplicate iCCP chunk
[2021.10.21-14.20.18:875][  0]LogStreaming: Warning: Failed to read file '../../../Engine/Content/Editor/Slate/Niagara/Common/FlatButton.png' error.
[2021.10.21-14.20.18:875][  0]LogSlate: Could not find file for Slate resource: ../../../Engine/Content/Editor/Slate/Niagara/Common/FlatButton.png
[2021.10.21-14.20.18:875][  0]LogImageWrapper: Warning: PNG Warning: Duplicate iCCP chunk
[2021.10.21-14.20.18:875][  0]LogInit: Display: Engine is initialized. Leaving FEngineLoop::Init()
[2021.10.21-14.20.18:877][  0]SourceControl: Source control is disabled
[2021.10.21-14.20.18:877][  0]LogUnrealEdMisc: Loading editor; pre map load, took 6.223
[2021.10.21-14.20.18:877][  0]Cmd: MAP LOAD FILE="E:/unreal projects/GodlikeWarriors/Content/FirstPersonBP/Maps/FirstPersonExampleMap.umap" TEMPLATE=0 SHOWPROGRESS=1 FEATURELEVEL=3
[2021.10.21-14.20.18:883][  0]LightingResults: New page: Lighting Build
[2021.10.21-14.20.18:884][  0]LogWorld: UWorld::CleanupWorld for Untitled, bSessionEnded=true, bCleanupResources=true
[2021.10.21-14.20.18:885][  0]LogSlate: InvalidateAllWidgets triggered.  All widgets were invalidated
[2021.10.21-14.20.18:885][  0]MapCheck: New page: Map Check
[2021.10.21-14.20.18:885][  0]LightingResults: New page: Lighting Build
[2021.10.21-14.20.19:350][  0]LogAudio: Display: Audio Device unregistered from world 'None'.
[2021.10.21-14.20.19:353][  0]LogUObjectHash: Compacting FUObjectHashTables data took   0.78ms
[2021.10.21-14.20.19:897][  0]LogTexture: Display: Building textures: DeprecatedTexture4E9A31EC459F824B7293D9A5960F381F (BGRA8, 128X128)
[2021.10.21-14.20.20:030][  0]LogAudio: Display: Audio Device (ID: 1) registered with world 'FirstPersonExampleMap'.
[2021.10.21-14.20.20:030][  0]LogAIModule: Creating AISystem for world FirstPersonExampleMap
[2021.10.21-14.20.20:039][  0]LogEditorServer: Finished looking for orphan Actors (0.000 secs)
[2021.10.21-14.20.20:978][  0]LogUObjectHash: Compacting FUObjectHashTables data took   0.78ms
[2021.10.21-14.20.20:978][  0]Cmd: MAP CHECKDEP NOCLEARLOG
[2021.10.21-14.20.20:978][  0]MapCheck: Map check complete: 0 Error(s), 0 Warning(s), took 0,071ms to complete.
[2021.10.21-14.20.20:978][  0]LogFileHelpers: Loading map 'FirstPersonExampleMap' took 2.101
[2021.10.21-14.20.20:980][  0]LogUnrealEdMisc: Total Editor Startup Time, took 8.325
[2021.10.21-14.20.21:081][  0]LogSlate: Updating window title bar state: overlay mode, drag disabled, window buttons hidden, title bar hidden
[2021.10.21-14.20.21:088][  0]LogSlate: Updating window title bar state: overlay mode, drag disabled, window buttons hidden, title bar hidden
[2021.10.21-14.20.21:094][  0]LogSlate: Updating window title bar state: overlay mode, drag disabled, window buttons hidden, title bar hidden
[2021.10.21-14.20.21:100][  0]LogSlate: Updating window title bar state: overlay mode, drag disabled, window buttons hidden, title bar hidden
[2021.10.21-14.20.21:112][  0]LogNativeClassHierarchy: Verbose: Native class hierarchy populated in 0.0085 seconds. Added 3822 classes and 928 folders.
[2021.10.21-14.20.21:114][  0]LogNativeClassHierarchy: Verbose: Native class hierarchy updated for 'WidgetCarousel' in 0.0002 seconds. Added 0 classes and 0 folders.
[2021.10.21-14.20.21:115][  0]LogPakFile: PakFile PrimaryIndexSize=187
[2021.10.21-14.20.21:115][  0]LogPakFile: PakFile PathHashIndexSize=101
[2021.10.21-14.20.21:115][  0]LogPakFile: PakFile FullDirectoryIndexSize=148
[2021.10.21-14.20.21:115][  0]LogShaderLibrary: Display: ShaderCodeLibraryPakFileMountedCallback: PakFile 'D:/Unreal engine 4/UE_4.25/UE_4.27/FeaturePacks/FP_FirstPerson.upack' (chunk index -1, root 'root:/') mounted
[2021.10.21-14.20.21:115][  0]LogShaderLibrary: Display: ShaderCodeLibraryPakFileMountedCallback: pending pak file info (ChunkID:-1 Root:root:/ File:D:/Unreal engine 4/UE_4.25/UE_4.27/FeaturePacks/FP_FirstPerson.upack)
[2021.10.21-14.20.21:115][  0]LogPakFile: OnPakFileMounted2Time == 0.000052
[2021.10.21-14.20.21:116][  0]LogPakFile: PakFile PrimaryIndexSize=189
[2021.10.21-14.20.21:116][  0]LogPakFile: PakFile PathHashIndexSize=101
[2021.10.21-14.20.21:116][  0]LogPakFile: PakFile FullDirectoryIndexSize=152
[2021.10.21-14.20.21:116][  0]LogShaderLibrary: Display: ShaderCodeLibraryPakFileMountedCallback: PakFile 'D:/Unreal engine 4/UE_4.25/UE_4.27/FeaturePacks/FP_FirstPersonBP.upack' (chunk index -1, root 'root:/') mounted
[2021.10.21-14.20.21:116][  0]LogShaderLibrary: Display: ShaderCodeLibraryPakFileMountedCallback: pending pak file info (ChunkID:-1 Root:root:/ File:D:/Unreal engine 4/UE_4.25/UE_4.27/FeaturePacks/FP_FirstPersonBP.upack)
[2021.10.21-14.20.21:116][  0]LogPakFile: OnPakFileMounted2Time == 0.000034
[2021.10.21-14.20.21:116][  0]LogPakFile: PakFile PrimaryIndexSize=191
[2021.10.21-14.20.21:116][  0]LogPakFile: PakFile PathHashIndexSize=101
[2021.10.21-14.20.21:116][  0]LogPakFile: PakFile FullDirectoryIndexSize=160
[2021.10.21-14.20.21:116][  0]LogShaderLibrary: Display: ShaderCodeLibraryPakFileMountedCallback: PakFile 'D:/Unreal engine 4/UE_4.25/UE_4.27/FeaturePacks/MobileStarterContent.upack' (chunk index -1, root 'root:/') mounted
[2021.10.21-14.20.21:116][  0]LogShaderLibrary: Display: ShaderCodeLibraryPakFileMountedCallback: pending pak file info (ChunkID:-1 Root:root:/ File:D:/Unreal engine 4/UE_4.25/UE_4.27/FeaturePacks/MobileStarterContent.upack)
[2021.10.21-14.20.21:116][  0]LogPakFile: OnPakFileMounted2Time == 0.000030
[2021.10.21-14.20.21:117][  0]LogPakFile: PakFile PrimaryIndexSize=185
[2021.10.21-14.20.21:117][  0]LogPakFile: PakFile PathHashIndexSize=101
[2021.10.21-14.20.21:117][  0]LogPakFile: PakFile FullDirectoryIndexSize=148
[2021.10.21-14.20.21:117][  0]LogShaderLibrary: Display: ShaderCodeLibraryPakFileMountedCallback: PakFile 'D:/Unreal engine 4/UE_4.25/UE_4.27/FeaturePacks/StarterContent.upack' (chunk index -1, root 'root:/') mounted
[2021.10.21-14.20.21:117][  0]LogShaderLibrary: Display: ShaderCodeLibraryPakFileMountedCallback: pending pak file info (ChunkID:-1 Root:root:/ File:D:/Unreal engine 4/UE_4.25/UE_4.27/FeaturePacks/StarterContent.upack)
[2021.10.21-14.20.21:117][  0]LogPakFile: OnPakFileMounted2Time == 0.000032
[2021.10.21-14.20.21:117][  0]LogPakFile: PakFile PrimaryIndexSize=190
[2021.10.21-14.20.21:117][  0]LogPakFile: PakFile PathHashIndexSize=101
[2021.10.21-14.20.21:117][  0]LogPakFile: PakFile FullDirectoryIndexSize=154
[2021.10.21-14.20.21:117][  0]LogShaderLibrary: Display: ShaderCodeLibraryPakFileMountedCallback: PakFile 'D:/Unreal engine 4/UE_4.25/UE_4.27/FeaturePacks/TP_2DSideScroller.upack' (chunk index -1, root 'root:/') mounted
[2021.10.21-14.20.21:117][  0]LogShaderLibrary: Display: ShaderCodeLibraryPakFileMountedCallback: pending pak file info (ChunkID:-1 Root:root:/ File:D:/Unreal engine 4/UE_4.25/UE_4.27/FeaturePacks/TP_2DSideScroller.upack)
[2021.10.21-14.20.21:117][  0]LogPakFile: OnPakFileMounted2Time == 0.000032
[2021.10.21-14.20.21:117][  0]LogPakFile: PakFile PrimaryIndexSize=192
[2021.10.21-14.20.21:117][  0]LogPakFile: PakFile PathHashIndexSize=101
[2021.10.21-14.20.21:117][  0]LogPakFile: PakFile FullDirectoryIndexSize=158
[2021.10.21-14.20.21:117][  0]LogShaderLibrary: Display: ShaderCodeLibraryPakFileMountedCallback: PakFile 'D:/Unreal engine 4/UE_4.25/UE_4.27/FeaturePacks/TP_2DSideScrollerBP.upack' (chunk index -1, root 'root:/') mounted
[2021.10.21-14.20.21:117][  0]LogShaderLibrary: Display: ShaderCodeLibraryPakFileMountedCallback: pending pak file info (ChunkID:-1 Root:root:/ File:D:/Unreal engine 4/UE_4.25/UE_4.27/FeaturePacks/TP_2DSideScrollerBP.upack)
[2021.10.21-14.20.21:117][  0]LogPakFile: OnPakFileMounted2Time == 0.000030
[2021.10.21-14.20.21:118][  0]LogPakFile: PakFile PrimaryIndexSize=182
[2021.10.21-14.20.21:118][  0]LogPakFile: PakFile PathHashIndexSize=101
[2021.10.21-14.20.21:118][  0]LogPakFile: PakFile FullDirectoryIndexSize=138
[2021.10.21-14.20.21:118][  0]LogShaderLibrary: Display: ShaderCodeLibraryPakFileMountedCallback: PakFile 'D:/Unreal engine 4/UE_4.25/UE_4.27/FeaturePacks/TP_Flying.upack' (chunk index -1, root 'root:/') mounted
[2021.10.21-14.20.21:118][  0]LogShaderLibrary: Display: ShaderCodeLibraryPakFileMountedCallback: pending pak file info (ChunkID:-1 Root:root:/ File:D:/Unreal engine 4/UE_4.25/UE_4.27/FeaturePacks/TP_Flying.upack)
[2021.10.21-14.20.21:118][  0]LogPakFile: OnPakFileMounted2Time == 0.000031
[2021.10.21-14.20.21:118][  0]LogPakFile: PakFile PrimaryIndexSize=184
[2021.10.21-14.20.21:118][  0]LogPakFile: PakFile PathHashIndexSize=101
[2021.10.21-14.20.21:118][  0]LogPakFile: PakFile FullDirectoryIndexSize=142
[2021.10.21-14.20.21:118][  0]LogShaderLibrary: Display: ShaderCodeLibraryPakFileMountedCallback: PakFile 'D:/Unreal engine 4/UE_4.25/UE_4.27/FeaturePacks/TP_FlyingBP.upack' (chunk index -1, root 'root:/') mounted
[2021.10.21-14.20.21:118][  0]LogShaderLibrary: Display: ShaderCodeLibraryPakFileMountedCallback: pending pak file info (ChunkID:-1 Root:root:/ File:D:/Unreal engine 4/UE_4.25/UE_4.27/FeaturePacks/TP_FlyingBP.upack)
[2021.10.21-14.20.21:118][  0]LogPakFile: OnPakFileMounted2Time == 0.000032
[2021.10.21-14.20.21:119][  0]LogPakFile: PakFile PrimaryIndexSize=188
[2021.10.21-14.20.21:119][  0]LogPakFile: PakFile PathHashIndexSize=101
[2021.10.21-14.20.21:119][  0]LogPakFile: PakFile FullDirectoryIndexSize=150
[2021.10.21-14.20.21:119][  0]LogShaderLibrary: Display: ShaderCodeLibraryPakFileMountedCallback: PakFile 'D:/Unreal engine 4/UE_4.25/UE_4.27/FeaturePacks/TP_HandheldARBP.upack' (chunk index -1, root 'root:/') mounted
[2021.10.21-14.20.21:119][  0]LogShaderLibrary: Display: ShaderCodeLibraryPakFileMountedCallback: pending pak file info (ChunkID:-1 Root:root:/ File:D:/Unreal engine 4/UE_4.25/UE_4.27/FeaturePacks/TP_HandheldARBP.upack)
[2021.10.21-14.20.21:119][  0]LogPakFile: OnPakFileMounted2Time == 0.000030
[2021.10.21-14.20.21:119][  0]LogPakFile: PakFile PrimaryIndexSize=182
[2021.10.21-14.20.21:119][  0]LogPakFile: PakFile PathHashIndexSize=101
[2021.10.21-14.20.21:119][  0]LogPakFile: PakFile FullDirectoryIndexSize=138
[2021.10.21-14.20.21:119][  0]LogShaderLibrary: Display: ShaderCodeLibraryPakFileMountedCallback: PakFile 'D:/Unreal engine 4/UE_4.25/UE_4.27/FeaturePacks/TP_Puzzle.upack' (chunk index -1, root 'root:/') mounted
[2021.10.21-14.20.21:119][  0]LogShaderLibrary: Display: ShaderCodeLibraryPakFileMountedCallback: pending pak file info (ChunkID:-1 Root:root:/ File:D:/Unreal engine 4/UE_4.25/UE_4.27/FeaturePacks/TP_Puzzle.upack)
[2021.10.21-14.20.21:119][  0]LogPakFile: OnPakFileMounted2Time == 0.000031
[2021.10.21-14.20.21:119][  0]LogPakFile: PakFile PrimaryIndexSize=184
[2021.10.21-14.20.21:119][  0]LogPakFile: PakFile PathHashIndexSize=101
[2021.10.21-14.20.21:119][  0]LogPakFile: PakFile FullDirectoryIndexSize=142
[2021.10.21-14.20.21:119][  0]LogShaderLibrary: Display: ShaderCodeLibraryPakFileMountedCallback: PakFile 'D:/Unreal engine 4/UE_4.25/UE_4.27/FeaturePacks/TP_PuzzleBP.upack' (chunk index -1, root 'root:/') mounted
[2021.10.21-14.20.21:119][  0]LogShaderLibrary: Display: ShaderCodeLibraryPakFileMountedCallback: pending pak file info (ChunkID:-1 Root:root:/ File:D:/Unreal engine 4/UE_4.25/UE_4.27/FeaturePacks/TP_PuzzleBP.upack)
[2021.10.21-14.20.21:120][  0]LogPakFile: OnPakFileMounted2Time == 0.000065
[2021.10.21-14.20.21:120][  0]LogPakFile: PakFile PrimaryIndexSize=183
[2021.10.21-14.20.21:120][  0]LogPakFile: PakFile PathHashIndexSize=101
[2021.10.21-14.20.21:120][  0]LogPakFile: PakFile FullDirectoryIndexSize=140
[2021.10.21-14.20.21:120][  0]LogShaderLibrary: Display: ShaderCodeLibraryPakFileMountedCallback: PakFile 'D:/Unreal engine 4/UE_4.25/UE_4.27/FeaturePacks/TP_Rolling.upack' (chunk index -1, root 'root:/') mounted
[2021.10.21-14.20.21:120][  0]LogShaderLibrary: Display: ShaderCodeLibraryPakFileMountedCallback: pending pak file info (ChunkID:-1 Root:root:/ File:D:/Unreal engine 4/UE_4.25/UE_4.27/FeaturePacks/TP_Rolling.upack)
[2021.10.21-14.20.21:120][  0]LogPakFile: OnPakFileMounted2Time == 0.000030
[2021.10.21-14.20.21:120][  0]LogPakFile: PakFile PrimaryIndexSize=185
[2021.10.21-14.20.21:120][  0]LogPakFile: PakFile PathHashIndexSize=101
[2021.10.21-14.20.21:120][  0]LogPakFile: PakFile FullDirectoryIndexSize=144
[2021.10.21-14.20.21:120][  0]LogShaderLibrary: Display: ShaderCodeLibraryPakFileMountedCallback: PakFile 'D:/Unreal engine 4/UE_4.25/UE_4.27/FeaturePacks/TP_RollingBP.upack' (chunk index -1, root 'root:/') mounted
[2021.10.21-14.20.21:120][  0]LogShaderLibrary: Display: ShaderCodeLibraryPakFileMountedCallback: pending pak file info (ChunkID:-1 Root:root:/ File:D:/Unreal engine 4/UE_4.25/UE_4.27/FeaturePacks/TP_RollingBP.upack)
[2021.10.21-14.20.21:120][  0]LogPakFile: OnPakFileMounted2Time == 0.000030
[2021.10.21-14.20.21:121][  0]LogPakFile: PakFile PrimaryIndexSize=188
[2021.10.21-14.20.21:121][  0]LogPakFile: PakFile PathHashIndexSize=101
[2021.10.21-14.20.21:121][  0]LogPakFile: PakFile FullDirectoryIndexSize=150
[2021.10.21-14.20.21:121][  0]LogShaderLibrary: Display: ShaderCodeLibraryPakFileMountedCallback: PakFile 'D:/Unreal engine 4/UE_4.25/UE_4.27/FeaturePacks/TP_SideScroller.upack' (chunk index -1, root 'root:/') mounted
[2021.10.21-14.20.21:121][  0]LogShaderLibrary: Display: ShaderCodeLibraryPakFileMountedCallback: pending pak file info (ChunkID:-1 Root:root:/ File:D:/Unreal engine 4/UE_4.25/UE_4.27/FeaturePacks/TP_SideScroller.upack)
[2021.10.21-14.20.21:121][  0]LogPakFile: OnPakFileMounted2Time == 0.000030
[2021.10.21-14.20.21:121][  0]LogPakFile: PakFile PrimaryIndexSize=190
[2021.10.21-14.20.21:121][  0]LogPakFile: PakFile PathHashIndexSize=101
[2021.10.21-14.20.21:121][  0]LogPakFile: PakFile FullDirectoryIndexSize=154
[2021.10.21-14.20.21:121][  0]LogShaderLibrary: Display: ShaderCodeLibraryPakFileMountedCallback: PakFile 'D:/Unreal engine 4/UE_4.25/UE_4.27/FeaturePacks/TP_SideScrollerBP.upack' (chunk index -1, root 'root:/') mounted
[2021.10.21-14.20.21:121][  0]LogShaderLibrary: Display: ShaderCodeLibraryPakFileMountedCallback: pending pak file info (ChunkID:-1 Root:root:/ File:D:/Unreal engine 4/UE_4.25/UE_4.27/FeaturePacks/TP_SideScrollerBP.upack)
[2021.10.21-14.20.21:121][  0]LogPakFile: OnPakFileMounted2Time == 0.000030
[2021.10.21-14.20.21:121][  0]LogPakFile: PakFile PrimaryIndexSize=187
[2021.10.21-14.20.21:121][  0]LogPakFile: PakFile PathHashIndexSize=101
[2021.10.21-14.20.21:121][  0]LogPakFile: PakFile FullDirectoryIndexSize=148
[2021.10.21-14.20.21:121][  0]LogShaderLibrary: Display: ShaderCodeLibraryPakFileMountedCallback: PakFile 'D:/Unreal engine 4/UE_4.25/UE_4.27/FeaturePacks/TP_ThirdPerson.upack' (chunk index -1, root 'root:/') mounted
[2021.10.21-14.20.21:121][  0]LogShaderLibrary: Display: ShaderCodeLibraryPakFileMountedCallback: pending pak file info (ChunkID:-1 Root:root:/ File:D:/Unreal engine 4/UE_4.25/UE_4.27/FeaturePacks/TP_ThirdPerson.upack)
[2021.10.21-14.20.21:121][  0]LogPakFile: OnPakFileMounted2Time == 0.000030
[2021.10.21-14.20.21:122][  0]LogPakFile: PakFile PrimaryIndexSize=189
[2021.10.21-14.20.21:122][  0]LogPakFile: PakFile PathHashIndexSize=101
[2021.10.21-14.20.21:122][  0]LogPakFile: PakFile FullDirectoryIndexSize=152
[2021.10.21-14.20.21:122][  0]LogShaderLibrary: Display: ShaderCodeLibraryPakFileMountedCallback: PakFile 'D:/Unreal engine 4/UE_4.25/UE_4.27/FeaturePacks/TP_ThirdPersonBP.upack' (chunk index -1, root 'root:/') mounted
[2021.10.21-14.20.21:122][  0]LogShaderLibrary: Display: ShaderCodeLibraryPakFileMountedCallback: pending pak file info (ChunkID:-1 Root:root:/ File:D:/Unreal engine 4/UE_4.25/UE_4.27/FeaturePacks/TP_ThirdPersonBP.upack)
[2021.10.21-14.20.21:122][  0]LogPakFile: OnPakFileMounted2Time == 0.000030
[2021.10.21-14.20.21:122][  0]LogPakFile: PakFile PrimaryIndexSize=183
[2021.10.21-14.20.21:122][  0]LogPakFile: PakFile PathHashIndexSize=101
[2021.10.21-14.20.21:122][  0]LogPakFile: PakFile FullDirectoryIndexSize=140
[2021.10.21-14.20.21:122][  0]LogShaderLibrary: Display: ShaderCodeLibraryPakFileMountedCallback: PakFile 'D:/Unreal engine 4/UE_4.25/UE_4.27/FeaturePacks/TP_TopDown.upack' (chunk index -1, root 'root:/') mounted
[2021.10.21-14.20.21:122][  0]LogShaderLibrary: Display: ShaderCodeLibraryPakFileMountedCallback: pending pak file info (ChunkID:-1 Root:root:/ File:D:/Unreal engine 4/UE_4.25/UE_4.27/FeaturePacks/TP_TopDown.upack)
[2021.10.21-14.20.21:122][  0]LogPakFile: OnPakFileMounted2Time == 0.000036
[2021.10.21-14.20.21:122][  0]LogPakFile: PakFile PrimaryIndexSize=185
[2021.10.21-14.20.21:122][  0]LogPakFile: PakFile PathHashIndexSize=101
[2021.10.21-14.20.21:122][  0]LogPakFile: PakFile FullDirectoryIndexSize=144
[2021.10.21-14.20.21:122][  0]LogShaderLibrary: Display: ShaderCodeLibraryPakFileMountedCallback: PakFile 'D:/Unreal engine 4/UE_4.25/UE_4.27/FeaturePacks/TP_TopDownBP.upack' (chunk index -1, root 'root:/') mounted
[2021.10.21-14.20.21:122][  0]LogShaderLibrary: Display: ShaderCodeLibraryPakFileMountedCallback: pending pak file info (ChunkID:-1 Root:root:/ File:D:/Unreal engine 4/UE_4.25/UE_4.27/FeaturePacks/TP_TopDownBP.upack)
[2021.10.21-14.20.21:122][  0]LogPakFile: OnPakFileMounted2Time == 0.000032
[2021.10.21-14.20.21:123][  0]LogPakFile: PakFile PrimaryIndexSize=185
[2021.10.21-14.20.21:123][  0]LogPakFile: PakFile PathHashIndexSize=101
[2021.10.21-14.20.21:123][  0]LogPakFile: PakFile FullDirectoryIndexSize=144
[2021.10.21-14.20.21:123][  0]LogShaderLibrary: Display: ShaderCodeLibraryPakFileMountedCallback: PakFile 'D:/Unreal engine 4/UE_4.25/UE_4.27/FeaturePacks/TP_TwinStick.upack' (chunk index -1, root 'root:/') mounted
[2021.10.21-14.20.21:123][  0]LogShaderLibrary: Display: ShaderCodeLibraryPakFileMountedCallback: pending pak file info (ChunkID:-1 Root:root:/ File:D:/Unreal engine 4/UE_4.25/UE_4.27/FeaturePacks/TP_TwinStick.upack)
[2021.10.21-14.20.21:123][  0]LogPakFile: OnPakFileMounted2Time == 0.000032
[2021.10.21-14.20.21:123][  0]LogPakFile: PakFile PrimaryIndexSize=187
[2021.10.21-14.20.21:123][  0]LogPakFile: PakFile PathHashIndexSize=101
[2021.10.21-14.20.21:123][  0]LogPakFile: PakFile FullDirectoryIndexSize=148
[2021.10.21-14.20.21:123][  0]LogShaderLibrary: Display: ShaderCodeLibraryPakFileMountedCallback: PakFile 'D:/Unreal engine 4/UE_4.25/UE_4.27/FeaturePacks/TP_TwinStickBP.upack' (chunk index -1, root 'root:/') mounted
[2021.10.21-14.20.21:123][  0]LogShaderLibrary: Display: ShaderCodeLibraryPakFileMountedCallback: pending pak file info (ChunkID:-1 Root:root:/ File:D:/Unreal engine 4/UE_4.25/UE_4.27/FeaturePacks/TP_TwinStickBP.upack)
[2021.10.21-14.20.21:123][  0]LogPakFile: OnPakFileMounted2Time == 0.000030
[2021.10.21-14.20.21:124][  0]LogPakFile: PakFile PrimaryIndexSize=183
[2021.10.21-14.20.21:124][  0]LogPakFile: PakFile PathHashIndexSize=101
[2021.10.21-14.20.21:124][  0]LogPakFile: PakFile FullDirectoryIndexSize=140
[2021.10.21-14.20.21:124][  0]LogShaderLibrary: Display: ShaderCodeLibraryPakFileMountedCallback: PakFile 'D:/Unreal engine 4/UE_4.25/UE_4.27/FeaturePacks/TP_Vehicle.upack' (chunk index -1, root 'root:/') mounted
[2021.10.21-14.20.21:124][  0]LogShaderLibrary: Display: ShaderCodeLibraryPakFileMountedCallback: pending pak file info (ChunkID:-1 Root:root:/ File:D:/Unreal engine 4/UE_4.25/UE_4.27/FeaturePacks/TP_Vehicle.upack)
[2021.10.21-14.20.21:124][  0]LogPakFile: OnPakFileMounted2Time == 0.000030
[2021.10.21-14.20.21:124][  0]LogPakFile: PakFile PrimaryIndexSize=186
[2021.10.21-14.20.21:124][  0]LogPakFile: PakFile PathHashIndexSize=101
[2021.10.21-14.20.21:124][  0]LogPakFile: PakFile FullDirectoryIndexSize=146
[2021.10.21-14.20.21:124][  0]LogShaderLibrary: Display: ShaderCodeLibraryPakFileMountedCallback: PakFile 'D:/Unreal engine 4/UE_4.25/UE_4.27/FeaturePacks/TP_VehicleAdv.upack' (chunk index -1, root 'root:/') mounted
[2021.10.21-14.20.21:124][  0]LogShaderLibrary: Display: ShaderCodeLibraryPakFileMountedCallback: pending pak file info (ChunkID:-1 Root:root:/ File:D:/Unreal engine 4/UE_4.25/UE_4.27/FeaturePacks/TP_VehicleAdv.upack)
[2021.10.21-14.20.21:124][  0]LogPakFile: OnPakFileMounted2Time == 0.000031
[2021.10.21-14.20.21:125][  0]LogPakFile: PakFile PrimaryIndexSize=188
[2021.10.21-14.20.21:125][  0]LogPakFile: PakFile PathHashIndexSize=101
[2021.10.21-14.20.21:125][  0]LogPakFile: PakFile FullDirectoryIndexSize=150
[2021.10.21-14.20.21:125][  0]LogShaderLibrary: Display: ShaderCodeLibraryPakFileMountedCallback: PakFile 'D:/Unreal engine 4/UE_4.25/UE_4.27/FeaturePacks/TP_VehicleAdvBP.upack' (chunk index -1, root 'root:/') mounted
[2021.10.21-14.20.21:125][  0]LogShaderLibrary: Display: ShaderCodeLibraryPakFileMountedCallback: pending pak file info (ChunkID:-1 Root:root:/ File:D:/Unreal engine 4/UE_4.25/UE_4.27/FeaturePacks/TP_VehicleAdvBP.upack)
[2021.10.21-14.20.21:125][  0]LogPakFile: OnPakFileMounted2Time == 0.000046
[2021.10.21-14.20.21:125][  0]LogPakFile: PakFile PrimaryIndexSize=185
[2021.10.21-14.20.21:125][  0]LogPakFile: PakFile PathHashIndexSize=101
[2021.10.21-14.20.21:125][  0]LogPakFile: PakFile FullDirectoryIndexSize=144
[2021.10.21-14.20.21:125][  0]LogShaderLibrary: Display: ShaderCodeLibraryPakFileMountedCallback: PakFile 'D:/Unreal engine 4/UE_4.25/UE_4.27/FeaturePacks/TP_VehicleBP.upack' (chunk index -1, root 'root:/') mounted
[2021.10.21-14.20.21:125][  0]LogShaderLibrary: Display: ShaderCodeLibraryPakFileMountedCallback: pending pak file info (ChunkID:-1 Root:root:/ File:D:/Unreal engine 4/UE_4.25/UE_4.27/FeaturePacks/TP_VehicleBP.upack)
[2021.10.21-14.20.21:125][  0]LogPakFile: OnPakFileMounted2Time == 0.000031
[2021.10.21-14.20.21:125][  0]LogPakFile: PakFile PrimaryIndexSize=192
[2021.10.21-14.20.21:126][  0]LogPakFile: PakFile PathHashIndexSize=101
[2021.10.21-14.20.21:126][  0]LogPakFile: PakFile FullDirectoryIndexSize=158
[2021.10.21-14.20.21:126][  0]LogShaderLibrary: Display: ShaderCodeLibraryPakFileMountedCallback: PakFile 'D:/Unreal engine 4/UE_4.25/UE_4.27/FeaturePacks/TP_VirtualRealityBP.upack' (chunk index -1, root 'root:/') mounted
[2021.10.21-14.20.21:126][  0]LogShaderLibrary: Display: ShaderCodeLibraryPakFileMountedCallback: pending pak file info (ChunkID:-1 Root:root:/ File:D:/Unreal engine 4/UE_4.25/UE_4.27/FeaturePacks/TP_VirtualRealityBP.upack)
[2021.10.21-14.20.21:126][  0]LogPakFile: OnPakFileMounted2Time == 0.000044
[2021.10.21-14.20.21:153][  0]LogNativeClassHierarchy: Verbose: Native class hierarchy updated for 'AddContentDialog' in 0.0002 seconds. Added 0 classes and 0 folders.
[2021.10.21-14.20.21:154][  0]LogNativeClassHierarchy: Verbose: Native class hierarchy updated for 'SceneOutliner' in 0.0003 seconds. Added 2 classes and 0 folders.
[2021.10.21-14.20.21:191][  0]LogSlate: Took 0.000134 seconds to synchronously load lazily loaded font '../../../Engine/Content/Slate/Fonts/Roboto-Regular.ttf' (155K)
[2021.10.21-14.20.21:192][  0]LogSlate: Took 0.000143 seconds to synchronously load lazily loaded font '../../../Engine/Content/Editor/Slate/Fonts/FontAwesome.ttf' (139K)
[2021.10.21-14.20.21:193][  0]LogSlate: Took 0.000092 seconds to synchronously load lazily loaded font '../../../Engine/Content/Slate/Fonts/Roboto-Bold.ttf' (160K)
[2021.10.21-14.20.21:271][  0]LogRenderer: Reallocating scene render targets to support 1208x568 Format 10 NumSamples 1 (Frame:1).
[2021.10.21-14.20.21:498][  0]LogNativeClassHierarchy: Verbose: Native class hierarchy updated for 'HierarchicalLODOutliner' in 0.0002 seconds. Added 0 classes and 0 folders.
[2021.10.21-14.20.21:498][  0]LogLoad: (Engine Initialization) Total time: 8.84 seconds
[2021.10.21-14.20.21:498][  0]LogLoad: (Engine Initialization) Total Blueprint compile time: 0.00 seconds
[2021.10.21-14.20.21:522][  0]LogContentStreaming: Texture pool size now 1000 MB
[2021.10.21-14.20.21:658][  3]LogSlate: Took 0.000108 seconds to synchronously load lazily loaded font '../../../Engine/Content/Slate/Fonts/Roboto-Light.ttf' (167K)
[2021.10.21-14.20.29:417][915]LogAssetRegistry: Asset discovery search completed in 14.0495 seconds
[2021.10.21-14.20.29:422][915]LogCollectionManager: Fixed up redirectors for 0 collections in 0.000004 seconds (updated 0 objects)
[2021.10.21-14.20.50:490][763]LogSlate: Took 0.000102 seconds to synchronously load lazily loaded font '../../../Engine/Content/Slate/Fonts/Roboto-Light.ttf' (167K)
[2021.10.21-14.21.01:540][763]LogSlate: Window 'Pick Parent Class' being destroyed
[2021.10.21-14.21.01:558][763]LogContentBrowser: Deferred new asset file creation: NewBlueprint
[2021.10.21-14.21.01:565][763]LogContentBrowser: Creating deferred item: NewBlueprint
[2021.10.21-14.21.06:205][305]LogContentBrowser: Attempting asset rename: NewBlueprint -> gayporno
[2021.10.21-14.21.06:226][305]LogContentBrowser: End creating deferred item NewBlueprint
[2021.10.21-14.21.15:383][312]LogUObjectHash: Compacting FUObjectHashTables data took   0.66ms
[2021.10.21-14.21.15:432][312]Cmd: OBJ SAVEPACKAGE PACKAGE="/Game/StarterContent/Blueprints/gayporno" FILE="E:/unreal projects/GodlikeWarriors/Content/StarterContent/Blueprints/gayporno.uasset" SILENT=true
[2021.10.21-14.21.15:531][312]LogSavePackage: Moving 'E:/unreal projects/GodlikeWarriors/Saved/gaypornoB601E8964E4524FCE35B708275B12832.tmp' to 'E:/unreal projects/GodlikeWarriors/Content/StarterContent/Blueprints/gayporno.uasset'
[2021.10.21-14.21.15:581][312]AssetCheck: New page: Asset Save: gayporno
[2021.10.21-14.21.15:581][312]LogContentValidation: Display: Validating Blueprint /Game/StarterContent/Blueprints/gayporno.gayporno
